"../../../Engine/Content/EngineMaterials/T_Default_Material_Grid_N.uasset" 0
"../../../Engine/Content/EngineMaterials/T_Default_Material_Grid_N.uexp" 1
"../../../Engine/Content/EngineMaterials/T_Default_Material_Grid_N.ubulk" 2
"../../../Engine/Content/EngineMaterials/T_Default_Material_Grid_M.uasset" 3
"../../../Engine/Content/EngineMaterials/T_Default_Material_Grid_M.uexp" 4
"../../../Engine/Content/EngineMaterials/T_Default_Material_Grid_M.ubulk" 5
"../../../Engine/Content/Functions/Engine_MaterialFunctions01/Opacity/CameraDepthFade.uasset" 6
"../../../Engine/Content/Functions/Engine_MaterialFunctions01/Opacity/CameraDepthFade.uexp" 7
"../../../Engine/Content/EngineMaterials/WorldGridMaterial.uasset" 8
"../../../Engine/Content/EngineMaterials/WorldGridMaterial.uexp" 9
"../../../Engine/Content/ArtTools/RenderToTexture/Meshes/S_1_Unit_Plane.uasset" 10
"../../../Engine/Content/ArtTools/RenderToTexture/Meshes/S_1_Unit_Plane.uexp" 11
"../../../Engine/Content/BasicShapes/Plane.uasset" 12
"../../../Engine/Content/BasicShapes/Plane.uexp" 13
"../../../Engine/Content/EngineMaterials/DefaultPhysicalMaterial.uasset" 14
"../../../Engine/Content/EngineMaterials/DefaultPhysicalMaterial.uexp" 15
"../../../Engine/Content/BufferVisualization/AmbientOcclusion.uasset" 16
"../../../Engine/Content/BufferVisualization/AmbientOcclusion.uexp" 17
"../../../Engine/Content/Functions/Engine_MaterialFunctions02/Utility/AppendMany.uasset" 18
"../../../Engine/Content/Functions/Engine_MaterialFunctions02/Utility/AppendMany.uexp" 19
"../../../Engine/Content/BufferVisualization/Anisotropy.uasset" 20
"../../../Engine/Content/BufferVisualization/Anisotropy.uexp" 21
"../../../Engine/Content/BufferVisualization/BaseColor.uasset" 22
"../../../Engine/Content/BufferVisualization/BaseColor.uexp" 23
"../../../Engine/Content/BufferVisualization/CustomDepth.uasset" 24
"../../../Engine/Content/BufferVisualization/CustomDepth.uexp" 25
"../../../Engine/Content/Functions/Engine_MaterialFunctions02/Utility/VectorLength.uasset" 26
"../../../Engine/Content/Functions/Engine_MaterialFunctions02/Utility/VectorLength.uexp" 27
"../../../Engine/Content/BufferVisualization/CustomDepthWorldUnits.uasset" 28
"../../../Engine/Content/BufferVisualization/CustomDepthWorldUnits.uexp" 29
"../../../Engine/Content/Functions/Engine_MaterialFunctions02/Utility/BreakOutFloat2Components.uasset" 30
"../../../Engine/Content/Functions/Engine_MaterialFunctions02/Utility/BreakOutFloat2Components.uexp" 31
"../../../Engine/Content/Functions/Engine_MaterialFunctions01/Texturing/ScaleUVsByCenter.uasset" 32
"../../../Engine/Content/Functions/Engine_MaterialFunctions01/Texturing/ScaleUVsByCenter.uexp" 33
"../../../Engine/Content/EngineMaterials/MiniFont.uasset" 34
"../../../Engine/Content/EngineMaterials/MiniFont.uexp" 35
"../../../Engine/Content/Functions/Engine_MaterialFunctions02/Utility/MakeFloat3.uasset" 36
"../../../Engine/Content/Functions/Engine_MaterialFunctions02/Utility/MakeFloat3.uexp" 37
"../../../Engine/Content/Functions/Engine_MaterialFunctions02/Utility/MakeFloat2.uasset" 38
"../../../Engine/Content/Functions/Engine_MaterialFunctions02/Utility/MakeFloat2.uexp" 39
"../../../Engine/Content/Functions/Engine_MaterialFunctions02/ScreenResolution.uasset" 40
"../../../Engine/Content/Functions/Engine_MaterialFunctions02/ScreenResolution.uexp" 41
"../../../Engine/Content/Functions/Engine_MaterialFunctions02/Texturing/ScreenAlignedUVs.uasset" 42
"../../../Engine/Content/Functions/Engine_MaterialFunctions02/Texturing/ScreenAlignedUVs.uexp" 43
"../../../Engine/Content/BufferVisualization/CustomStencil.uasset" 44
"../../../Engine/Content/BufferVisualization/CustomStencil.uexp" 45
"../../../Engine/Content/BufferVisualization/FinalImage.uasset" 46
"../../../Engine/Content/BufferVisualization/FinalImage.uexp" 47
"../../../Engine/Content/BufferVisualization/LightingModel.uasset" 48
"../../../Engine/Content/BufferVisualization/LightingModel.uexp" 49
"../../../Engine/Content/BufferVisualization/MaterialAO.uasset" 50
"../../../Engine/Content/BufferVisualization/MaterialAO.uexp" 51
"../../../Engine/Content/BufferVisualization/Metallic.uasset" 52
"../../../Engine/Content/BufferVisualization/Metallic.uexp" 53
"../../../Engine/Content/BufferVisualization/Opacity.uasset" 54
"../../../Engine/Content/BufferVisualization/Opacity.uexp" 55
"../../../Engine/Content/BufferVisualization/PostTonemapHDRColor.uasset" 56
"../../../Engine/Content/BufferVisualization/PostTonemapHDRColor.uexp" 57
"../../../Engine/Content/BufferVisualization/PreTonemapHDRColor.uasset" 58
"../../../Engine/Content/BufferVisualization/PreTonemapHDRColor.uexp" 59
"../../../Engine/Content/BufferVisualization/Roughness.uasset" 60
"../../../Engine/Content/BufferVisualization/Roughness.uexp" 61
"../../../Engine/Content/BufferVisualization/SceneColor.uasset" 62
"../../../Engine/Content/BufferVisualization/SceneColor.uexp" 63
"../../../Engine/Content/BufferVisualization/SceneDepth.uasset" 64
"../../../Engine/Content/BufferVisualization/SceneDepth.uexp" 65
"../../../Engine/Content/BufferVisualization/SceneDepthWorldUnits.uasset" 66
"../../../Engine/Content/BufferVisualization/SceneDepthWorldUnits.uexp" 67
"../../../Engine/Content/BufferVisualization/SeparateTranslucencyA.uasset" 68
"../../../Engine/Content/BufferVisualization/SeparateTranslucencyA.uexp" 69
"../../../Engine/Content/BufferVisualization/SeparateTranslucencyRGB.uasset" 70
"../../../Engine/Content/BufferVisualization/SeparateTranslucencyRGB.uexp" 71
"../../../Engine/Content/BufferVisualization/Specular.uasset" 72
"../../../Engine/Content/BufferVisualization/Specular.uexp" 73
"../../../Engine/Content/BufferVisualization/SubsurfaceColor.uasset" 74
"../../../Engine/Content/BufferVisualization/SubsurfaceColor.uexp" 75
"../../../Engine/Content/BufferVisualization/Velocity.uasset" 76
"../../../Engine/Content/BufferVisualization/Velocity.uexp" 77
"../../../Engine/Content/BufferVisualization/WorldNormal.uasset" 78
"../../../Engine/Content/BufferVisualization/WorldNormal.uexp" 79
"../../../Engine/Content/BufferVisualization/WorldTangent.uasset" 80
"../../../Engine/Content/BufferVisualization/WorldTangent.uexp" 81
"../../../Engine/Content/EditorLandscapeResources/DataLayer.uasset" 82
"../../../Engine/Content/EditorLandscapeResources/DataLayer.uexp" 83
"../../../Engine/Content/EditorLandscapeResources/DefaultAlphaTexture.uasset" 84
"../../../Engine/Content/EditorLandscapeResources/DefaultAlphaTexture.uexp" 85
"../../../Engine/Content/EditorLandscapeResources/LandscapeGizmo_Mat.uasset" 86
"../../../Engine/Content/EditorLandscapeResources/LandscapeGizmo_Mat.uexp" 87
"../../../Engine/Content/EditorLandscapeResources/LandscapeGizmo_Mat_Copied.uasset" 88
"../../../Engine/Content/EditorLandscapeResources/LandscapeGizmo_Mat_Copied.uexp" 89
"../../../Engine/Content/EditorLandscapeResources/SplineEditorMeshMat.uasset" 90
"../../../Engine/Content/EditorLandscapeResources/SplineEditorMeshMat.uexp" 91
"../../../Engine/Content/EditorLandscapeResources/SplineEditorMesh.uasset" 92
"../../../Engine/Content/EditorLandscapeResources/SplineEditorMesh.uexp" 93
"../../../Engine/Content/EditorMaterials/Cross.uasset" 94
"../../../Engine/Content/EditorMaterials/Cross.uexp" 95
"../../../Engine/Content/EditorMaterials/Cross_Mat.uasset" 96
"../../../Engine/Content/EditorMaterials/Cross_Mat.uexp" 97
"../../../Engine/Content/EditorResources/T_EditorHelp.uasset" 98
"../../../Engine/Content/EditorResources/T_EditorHelp.uexp" 99
"../../../Engine/Content/EditorResources/T_EditorHelp.ubulk" 100
"../../../Engine/Content/Functions/Engine_MaterialFunctions02/ExampleContent/Textures/DebugNumberPeriod.uasset" 101
"../../../Engine/Content/Functions/Engine_MaterialFunctions02/ExampleContent/Textures/DebugNumberPeriod.uexp" 102
"../../../Engine/Content/Functions/Engine_MaterialFunctions02/ExampleContent/DebugNumberStrip.uasset" 103
"../../../Engine/Content/Functions/Engine_MaterialFunctions02/ExampleContent/DebugNumberStrip.uexp" 104
"../../../Engine/Content/EngineMaterials/DefaultDiffuse.uasset" 105
"../../../Engine/Content/EngineMaterials/DefaultDiffuse.uexp" 106
"../../../Engine/Content/EngineMaterials/DefaultDiffuse.ubulk" 107
"../../../Engine/Content/Functions/Engine_MaterialFunctions01/Texturing/TextureCropping.uasset" 108
"../../../Engine/Content/Functions/Engine_MaterialFunctions01/Texturing/TextureCropping.uexp" 109
"../../../Engine/Content/Functions/Engine_MaterialFunctions01/Texturing/ComputeMipLevel.uasset" 110
"../../../Engine/Content/Functions/Engine_MaterialFunctions01/Texturing/ComputeMipLevel.uexp" 111
"../../../Engine/Content/Functions/Engine_MaterialFunctions02/Utility/DebugScalarValues.uasset" 112
"../../../Engine/Content/Functions/Engine_MaterialFunctions02/Utility/DebugScalarValues.uexp" 113
"../../../Engine/Content/Functions/Engine_MaterialFunctions02/Utility/DebugFloat2Values.uasset" 114
"../../../Engine/Content/Functions/Engine_MaterialFunctions02/Utility/DebugFloat2Values.uexp" 115
"../../../Engine/Content/Functions/Engine_MaterialFunctions02/ExampleContent/Textures/flipbook.uasset" 116
"../../../Engine/Content/Functions/Engine_MaterialFunctions02/ExampleContent/Textures/flipbook.uexp" 117
"../../../Engine/Content/Functions/Engine_MaterialFunctions02/ExampleContent/Textures/flipbook.ubulk" 118
"../../../Engine/Content/Functions/Engine_MaterialFunctions02/Texturing/FlipBook.uasset" 119
"../../../Engine/Content/Functions/Engine_MaterialFunctions02/Texturing/FlipBook.uexp" 120
"../../../Engine/Content/Functions/Engine_MaterialFunctions02/Utility/Sign.uasset" 121
"../../../Engine/Content/Functions/Engine_MaterialFunctions02/Utility/Sign.uexp" 122
"../../../Engine/Content/Functions/Engine_MaterialFunctions02/Utility/Round.uasset" 123
"../../../Engine/Content/Functions/Engine_MaterialFunctions02/Utility/Round.uexp" 124
"../../../Engine/Content/EditorMaterials/HelpActorMaterial.uasset" 125
"../../../Engine/Content/EditorMaterials/HelpActorMaterial.uexp" 126
"../../../Engine/Content/EditorMaterials/CompositeARGBLayer.uasset" 127
"../../../Engine/Content/EditorMaterials/CompositeARGBLayer.uexp" 128
"../../../Engine/Content/Functions/Engine_MaterialFunctions03/Procedurals/ComputeFilterWidth.uasset" 129
"../../../Engine/Content/Functions/Engine_MaterialFunctions03/Procedurals/ComputeFilterWidth.uexp" 130
"../../../Engine/Content/EngineMaterials/BlendFunc_DefBlend.uasset" 131
"../../../Engine/Content/EngineMaterials/BlendFunc_DefBlend.uexp" 132
"../../../Engine/Content/EngineMaterials/BlendFunc_DefBase.uasset" 133
"../../../Engine/Content/EngineMaterials/BlendFunc_DefBase.uexp" 134
"../../../Engine/Content/Functions/Engine_MaterialFunctions03/Blends/Blend_Screen.uasset" 135
"../../../Engine/Content/Functions/Engine_MaterialFunctions03/Blends/Blend_Screen.uexp" 136
"../../../Engine/Content/EditorMaterials/TilingAALineIntegral.uasset" 137
"../../../Engine/Content/EditorMaterials/TilingAALineIntegral.uexp" 138
"../../../Engine/Content/EditorMaterials/TilingAALineBoxFiltered.uasset" 139
"../../../Engine/Content/EditorMaterials/TilingAALineBoxFiltered.uexp" 140
"../../../Engine/Content/EditorMaterials/TilingAAGrid.uasset" 141
"../../../Engine/Content/EditorMaterials/TilingAAGrid.uexp" 142
"../../../Engine/Content/EditorMaterials/TilingAADots.uasset" 143
"../../../Engine/Content/EditorMaterials/TilingAADots.uexp" 144
"../../../Engine/Content/EditorMaterials/LevelGridMaterial.uasset" 145
"../../../Engine/Content/EditorMaterials/LevelGridMaterial.uexp" 146
"../../../Engine/Content/EditorResources/LevelGrid1DStripes.uasset" 147
"../../../Engine/Content/EditorResources/LevelGrid1DStripes.uexp" 148
"../../../Engine/Content/EditorMaterials/TextureGridCascaded1D.uasset" 149
"../../../Engine/Content/EditorMaterials/TextureGridCascaded1D.uexp" 150
"../../../Engine/Content/EditorMaterials/TextureGridCascaded2D.uasset" 151
"../../../Engine/Content/EditorMaterials/TextureGridCascaded2D.uexp" 152
"../../../Engine/Content/EditorMaterials/MakeCompositeARGBLayer.uasset" 153
"../../../Engine/Content/EditorMaterials/MakeCompositeARGBLayer.uexp" 154
"../../../Engine/Content/EditorMaterials/LevelGridMaterial2.uasset" 155
"../../../Engine/Content/EditorMaterials/LevelGridMaterial2.uexp" 156
"../../../Engine/Content/EditorMaterials/MAT_Groups_Toggle.uasset" 157
"../../../Engine/Content/EditorMaterials/MAT_Groups_Toggle.uexp" 158
"../../../Engine/Content/EditorMaterials/MAT_Groups_Visibility.uasset" 159
"../../../Engine/Content/EditorMaterials/MAT_Groups_Visibility.uexp" 160
"../../../Engine/Content/EditorMaterials/PhAT_BoneSelectedMaterial.uasset" 161
"../../../Engine/Content/EditorMaterials/PhAT_BoneSelectedMaterial.uexp" 162
"../../../Engine/Content/EditorMaterials/PhAT_ElemSelectedMaterial.uasset" 163
"../../../Engine/Content/EditorMaterials/PhAT_ElemSelectedMaterial.uexp" 164
"../../../Engine/Content/EditorMaterials/PhAT_NoCollisionMaterial.uasset" 165
"../../../Engine/Content/EditorMaterials/PhAT_NoCollisionMaterial.uexp" 166
"../../../Engine/Content/EditorMaterials/PhAT_UnselectedMaterial.uasset" 167
"../../../Engine/Content/EditorMaterials/PhAT_UnselectedMaterial.uexp" 168
"../../../Engine/Content/EditorMaterials/PreviewShadowIndicator.uasset" 169
"../../../Engine/Content/EditorMaterials/PreviewShadowIndicator.uexp" 170
"../../../Engine/Content/EditorMaterials/PreviewShadowIndicator.ubulk" 171
"../../../Engine/Content/EditorMaterials/PreviewShadowIndicatorMaterial.uasset" 172
"../../../Engine/Content/EditorMaterials/PreviewShadowIndicatorMaterial.uexp" 173
"../../../Engine/Content/EditorMaterials/TargetIcon.uasset" 174
"../../../Engine/Content/EditorMaterials/TargetIcon.uexp" 175
"../../../Engine/Content/EditorMaterials/TargetIcon.ubulk" 176
"../../../Engine/Content/EditorMaterials/Tick.uasset" 177
"../../../Engine/Content/EditorMaterials/Tick.uexp" 178
"../../../Engine/Content/EditorMaterials/Tick_Mat.uasset" 179
"../../../Engine/Content/EditorMaterials/Tick_Mat.uexp" 180
"../../../Engine/Content/EditorMaterials/WidgetGridVertexColorMaterial.uasset" 181
"../../../Engine/Content/EditorMaterials/WidgetGridVertexColorMaterial.uexp" 182
"../../../Engine/Content/EditorMaterials/WidgetGridVertexColorMaterial.ubulk" 183
"../../../Engine/Content/EditorMaterials/WidgetGridVertexColorMaterial_Ma.uasset" 184
"../../../Engine/Content/EditorMaterials/WidgetGridVertexColorMaterial_Ma.uexp" 185
"../../../Engine/Content/EditorMaterials/WidgetMaterial.uasset" 186
"../../../Engine/Content/EditorMaterials/WidgetMaterial.uexp" 187
"../../../Engine/Content/EditorMaterials/WidgetMaterial_Current.uasset" 188
"../../../Engine/Content/EditorMaterials/WidgetMaterial_Current.uexp" 189
"../../../Engine/Content/EditorMaterials/WidgetMaterial_X.uasset" 190
"../../../Engine/Content/EditorMaterials/WidgetMaterial_X.uexp" 191
"../../../Engine/Content/EditorMaterials/WidgetMaterial_Y.uasset" 192
"../../../Engine/Content/EditorMaterials/WidgetMaterial_Y.uexp" 193
"../../../Engine/Content/EditorMaterials/WidgetMaterial_Z.uasset" 194
"../../../Engine/Content/EditorMaterials/WidgetMaterial_Z.uexp" 195
"../../../Engine/Content/EditorMaterials/WidgetVertexColorMaterial.uasset" 196
"../../../Engine/Content/EditorMaterials/WidgetVertexColorMaterial.uexp" 197
"../../../Engine/Content/EditorMaterials/MatineeGroups/MAT_ColorTrack.uasset" 198
"../../../Engine/Content/EditorMaterials/MatineeGroups/MAT_ColorTrack.uexp" 199
"../../../Engine/Content/EditorMaterials/MatineeGroups/MAT_Groups_Anim.uasset" 200
"../../../Engine/Content/EditorMaterials/MatineeGroups/MAT_Groups_Anim.uexp" 201
"../../../Engine/Content/EditorMaterials/MatineeGroups/MAT_Groups_AudioMaster.uasset" 202
"../../../Engine/Content/EditorMaterials/MatineeGroups/MAT_Groups_AudioMaster.uexp" 203
"../../../Engine/Content/EditorMaterials/MatineeGroups/MAT_Groups_Director.uasset" 204
"../../../Engine/Content/EditorMaterials/MatineeGroups/MAT_Groups_Director.uexp" 205
"../../../Engine/Content/EditorMaterials/MatineeGroups/MAT_Groups_Event.uasset" 206
"../../../Engine/Content/EditorMaterials/MatineeGroups/MAT_Groups_Event.uexp" 207
"../../../Engine/Content/EditorMaterials/MatineeGroups/MAT_Groups_Fade.uasset" 208
"../../../Engine/Content/EditorMaterials/MatineeGroups/MAT_Groups_Fade.uexp" 209
"../../../Engine/Content/EditorMaterials/MatineeGroups/MAT_Groups_Float.uasset" 210
"../../../Engine/Content/EditorMaterials/MatineeGroups/MAT_Groups_Float.uexp" 211
"../../../Engine/Content/EditorMaterials/MatineeGroups/MAT_Groups_Move.uasset" 212
"../../../Engine/Content/EditorMaterials/MatineeGroups/MAT_Groups_Move.uexp" 213
"../../../Engine/Content/EditorMaterials/MatineeGroups/MAT_Groups_Slomo.uasset" 214
"../../../Engine/Content/EditorMaterials/MatineeGroups/MAT_Groups_Slomo.uexp" 215
"../../../Engine/Content/EditorMaterials/MatineeGroups/MAT_Groups_Sound.uasset" 216
"../../../Engine/Content/EditorMaterials/MatineeGroups/MAT_Groups_Sound.uexp" 217
"../../../Engine/Content/EditorMaterials/MatineeGroups/MAT_Groups_Vector.uasset" 218
"../../../Engine/Content/EditorMaterials/MatineeGroups/MAT_Groups_Vector.uexp" 219
"../../../Engine/Content/EditorMaterials/ParticleSystems/PSysThumbnail_NoImage.uasset" 220
"../../../Engine/Content/EditorMaterials/ParticleSystems/PSysThumbnail_NoImage.uexp" 221
"../../../Engine/Content/EditorMaterials/ParticleSystems/PSysThumbnail_NoImage.ubulk" 222
"../../../Engine/Content/EditorMaterials/ParticleSystems/PSysThumbnail_OOD.uasset" 223
"../../../Engine/Content/EditorMaterials/ParticleSystems/PSysThumbnail_OOD.uexp" 224
"../../../Engine/Content/EditorMaterials/ParticleSystems/PSysThumbnail_OOD.ubulk" 225
"../../../Engine/Content/EngineMaterials/Grid.uasset" 226
"../../../Engine/Content/EngineMaterials/Grid.uexp" 227
"../../../Engine/Content/EngineMaterials/Grid.ubulk" 228
"../../../Engine/Content/EditorMaterials/Thumbnails/FloorPlaneMaterial.uasset" 229
"../../../Engine/Content/EditorMaterials/Thumbnails/FloorPlaneMaterial.uexp" 230
"../../../Engine/Content/EditorMeshes/EditorCube.uasset" 231
"../../../Engine/Content/EditorMeshes/EditorCube.uexp" 232
"../../../Engine/Content/EditorMeshes/EditorCylinder.uasset" 233
"../../../Engine/Content/EditorMeshes/EditorCylinder.uexp" 234
"../../../Engine/Content/EditorMeshes/EditorPlane.uasset" 235
"../../../Engine/Content/EditorMeshes/EditorPlane.uexp" 236
"../../../Engine/Content/EditorMaterials/Thumbnails/SkySphereMaterial.uasset" 237
"../../../Engine/Content/EditorMaterials/Thumbnails/SkySphereMaterial.uexp" 238
"../../../Engine/Content/EditorMeshes/EditorSkySphere.uasset" 239
"../../../Engine/Content/EditorMeshes/EditorSkySphere.uexp" 240
"../../../Engine/Content/EditorMeshes/EditorSphere.uasset" 241
"../../../Engine/Content/EditorMeshes/EditorSphere.uexp" 242
"../../../Engine/Content/EditorResources/MatineeCam_D.uasset" 243
"../../../Engine/Content/EditorResources/MatineeCam_D.uexp" 244
"../../../Engine/Content/EditorMaterials/MatineeCam_mat.uasset" 245
"../../../Engine/Content/EditorMaterials/MatineeCam_mat.uexp" 246
"../../../Engine/Content/EditorMeshes/MatineeCam_SM.uasset" 247
"../../../Engine/Content/EditorMeshes/MatineeCam_SM.uexp" 248
"../../../Engine/Content/EditorMeshes/PlanarReflectionPlane.uasset" 249
"../../../Engine/Content/EditorMeshes/PlanarReflectionPlane.uexp" 250
"../../../Engine/Content/EngineDebugMaterials/M_SimpleOpaque.uasset" 251
"../../../Engine/Content/EngineDebugMaterials/M_SimpleOpaque.uexp" 252
"../../../Engine/Content/EditorMaterials/Camera/MI_CineMat_CamViewFinder.uasset" 253
"../../../Engine/Content/EditorMaterials/Camera/MI_CineMat_CamViewFinder.uexp" 254
"../../../Engine/Content/EditorMaterials/Camera/CineMat.uasset" 255
"../../../Engine/Content/EditorMaterials/Camera/CineMat.uexp" 256
"../../../Engine/Content/EditorMaterials/Camera/MI_CineMat_CameraBody.uasset" 257
"../../../Engine/Content/EditorMaterials/Camera/MI_CineMat_CameraBody.uexp" 258
"../../../Engine/Content/EditorMeshes/Camera/SM_CineCam.uasset" 259
"../../../Engine/Content/EditorMeshes/Camera/SM_CineCam.uexp" 260
"../../../Engine/Content/EditorMaterials/Camera/MI_CineMat_Rig.uasset" 261
"../../../Engine/Content/EditorMaterials/Camera/MI_CineMat_Rig.uexp" 262
"../../../Engine/Content/EditorMeshes/Camera/SM_CraneRig_Arm.uasset" 263
"../../../Engine/Content/EditorMeshes/Camera/SM_CraneRig_Arm.uexp" 264
"../../../Engine/Content/EditorMeshes/Camera/SM_CraneRig_Base.uasset" 265
"../../../Engine/Content/EditorMeshes/Camera/SM_CraneRig_Base.uexp" 266
"../../../Engine/Content/EditorMeshes/Camera/SM_CraneRig_Body.uasset" 267
"../../../Engine/Content/EditorMeshes/Camera/SM_CraneRig_Body.uexp" 268
"../../../Engine/Content/EditorMeshes/Camera/SM_RailRig_Mount.uasset" 269
"../../../Engine/Content/EditorMeshes/Camera/SM_RailRig_Mount.uexp" 270
"../../../Engine/Content/EditorMeshes/Camera/SM_RailRig_Track.uasset" 271
"../../../Engine/Content/EditorMeshes/Camera/SM_RailRig_Track.uexp" 272
"../../../Engine/Content/EditorMeshes/ColorCalibrator/M_ChromeBall.uasset" 273
"../../../Engine/Content/EditorMeshes/ColorCalibrator/M_ChromeBall.uexp" 274
"../../../Engine/Content/EditorResources/Bad.uasset" 275
"../../../Engine/Content/EditorResources/Bad.uexp" 276
"../../../Engine/Content/EditorResources/Bad.ubulk" 277
"../../../Engine/Content/EditorResources/BSPVertex.uasset" 278
"../../../Engine/Content/EditorResources/BSPVertex.uexp" 279
"../../../Engine/Content/EditorResources/EmptyActor.uasset" 280
"../../../Engine/Content/EditorResources/EmptyActor.uexp" 281
"../../../Engine/Content/EditorResources/MatInstActSprite.uasset" 282
"../../../Engine/Content/EditorResources/MatInstActSprite.uexp" 283
"../../../Engine/Content/EditorResources/MatInstActSprite.ubulk" 284
"../../../Engine/Content/EditorResources/SceneManager.uasset" 285
"../../../Engine/Content/EditorResources/SceneManager.uexp" 286
"../../../Engine/Content/EditorResources/SceneManager.ubulk" 287
"../../../Engine/Content/EditorResources/SmallFont.uasset" 288
"../../../Engine/Content/EditorResources/SmallFont.uexp" 289
"../../../Engine/Content/EditorResources/S_Actor.uasset" 290
"../../../Engine/Content/EditorResources/S_Actor.uexp" 291
"../../../Engine/Content/EditorResources/S_Actor.ubulk" 292
"../../../Engine/Content/EditorResources/S_CameraShakeSource.uasset" 293
"../../../Engine/Content/EditorResources/S_CameraShakeSource.uexp" 294
"../../../Engine/Content/EditorResources/S_DecalActorIcon.uasset" 295
"../../../Engine/Content/EditorResources/S_DecalActorIcon.uexp" 296
"../../../Engine/Content/EditorResources/S_DecalActorIcon.ubulk" 297
"../../../Engine/Content/EditorResources/S_Emitter.uasset" 298
"../../../Engine/Content/EditorResources/S_Emitter.uexp" 299
"../../../Engine/Content/EditorResources/S_Emitter.ubulk" 300
"../../../Engine/Content/EditorResources/S_ExpoHeightFog.uasset" 301
"../../../Engine/Content/EditorResources/S_ExpoHeightFog.uexp" 302
"../../../Engine/Content/EditorResources/S_ExpoHeightFog.ubulk" 303
"../../../Engine/Content/EditorResources/S_FTest.uasset" 304
"../../../Engine/Content/EditorResources/S_FTest.uexp" 305
"../../../Engine/Content/EditorResources/S_KBSJoint.uasset" 306
"../../../Engine/Content/EditorResources/S_KBSJoint.uexp" 307
"../../../Engine/Content/EditorResources/S_KBSJoint.ubulk" 308
"../../../Engine/Content/EditorResources/S_KHinge.uasset" 309
"../../../Engine/Content/EditorResources/S_KHinge.uexp" 310
"../../../Engine/Content/EditorResources/S_KHinge.ubulk" 311
"../../../Engine/Content/EditorResources/S_KPrismatic.uasset" 312
"../../../Engine/Content/EditorResources/S_KPrismatic.uexp" 313
"../../../Engine/Content/EditorResources/S_KPrismatic.ubulk" 314
"../../../Engine/Content/EditorResources/S_LevelSequence.uasset" 315
"../../../Engine/Content/EditorResources/S_LevelSequence.uexp" 316
"../../../Engine/Content/EditorResources/S_LevelSequence.ubulk" 317
"../../../Engine/Content/EditorResources/S_NavP.uasset" 318
"../../../Engine/Content/EditorResources/S_NavP.uexp" 319
"../../../Engine/Content/EditorResources/S_NavP.ubulk" 320
"../../../Engine/Content/EditorResources/S_Note.uasset" 321
"../../../Engine/Content/EditorResources/S_Note.uexp" 322
"../../../Engine/Content/EditorResources/S_Note.ubulk" 323
"../../../Engine/Content/EditorResources/S_Player.uasset" 324
"../../../Engine/Content/EditorResources/S_Player.uexp" 325
"../../../Engine/Content/EditorResources/S_Player.ubulk" 326
"../../../Engine/Content/EditorResources/S_PortalActorIcon2.uasset" 327
"../../../Engine/Content/EditorResources/S_PortalActorIcon2.uexp" 328
"../../../Engine/Content/EditorResources/S_PortalActorIcon2.ubulk" 329
"../../../Engine/Content/EditorResources/S_RadForce.uasset" 330
"../../../Engine/Content/EditorResources/S_RadForce.uexp" 331
"../../../Engine/Content/EditorResources/S_RadForce.ubulk" 332
"../../../Engine/Content/EditorResources/S_ReflActorIcon.uasset" 333
"../../../Engine/Content/EditorResources/S_ReflActorIcon.uexp" 334
"../../../Engine/Content/EditorResources/S_ReflActorIcon.ubulk" 335
"../../../Engine/Content/EditorResources/S_SkyAtmosphere.uasset" 336
"../../../Engine/Content/EditorResources/S_SkyAtmosphere.uexp" 337
"../../../Engine/Content/EditorResources/S_SkyAtmosphere.ubulk" 338
"../../../Engine/Content/EditorResources/S_Solver.uasset" 339
"../../../Engine/Content/EditorResources/S_Solver.uexp" 340
"../../../Engine/Content/EditorResources/S_Solver.ubulk" 341
"../../../Engine/Content/EditorResources/S_Terrain.uasset" 342
"../../../Engine/Content/EditorResources/S_Terrain.uexp" 343
"../../../Engine/Content/EditorResources/S_Terrain.ubulk" 344
"../../../Engine/Content/EditorResources/S_TextRenderActorIcon.uasset" 345
"../../../Engine/Content/EditorResources/S_TextRenderActorIcon.uexp" 346
"../../../Engine/Content/EditorResources/S_TextRenderActorIcon.ubulk" 347
"../../../Engine/Content/EditorResources/S_Thruster.uasset" 348
"../../../Engine/Content/EditorResources/S_Thruster.uexp" 349
"../../../Engine/Content/EditorResources/S_Thruster.ubulk" 350
"../../../Engine/Content/EditorResources/S_Trigger.uasset" 351
"../../../Engine/Content/EditorResources/S_Trigger.uexp" 352
"../../../Engine/Content/EditorResources/S_Trigger.ubulk" 353
"../../../Engine/Content/EditorResources/S_VectorFieldVol.uasset" 354
"../../../Engine/Content/EditorResources/S_VectorFieldVol.uexp" 355
"../../../Engine/Content/EditorResources/S_VectorFieldVol.ubulk" 356
"../../../Engine/Content/EditorResources/S_VolumetricCloud.uasset" 357
"../../../Engine/Content/EditorResources/S_VolumetricCloud.uexp" 358
"../../../Engine/Content/EditorResources/S_VolumetricCloud.ubulk" 359
"../../../Engine/Content/EditorResources/S_WindDirectional.uasset" 360
"../../../Engine/Content/EditorResources/S_WindDirectional.uexp" 361
"../../../Engine/Content/EditorResources/S_WindDirectional.ubulk" 362
"../../../Engine/Content/EditorResources/AI/S_NavLink.uasset" 363
"../../../Engine/Content/EditorResources/AI/S_NavLink.uexp" 364
"../../../Engine/Content/EditorResources/AudioIcons/S_AudioComponent_AutoActivate.uasset" 365
"../../../Engine/Content/EditorResources/AudioIcons/S_AudioComponent_AutoActivate.uexp" 366
"../../../Engine/Content/EditorResources/AudioIcons/S_AudioComponent_AutoActivate.ubulk" 367
"../../../Engine/Content/EditorResources/LightIcons/SkyLight.uasset" 368
"../../../Engine/Content/EditorResources/LightIcons/SkyLight.uexp" 369
"../../../Engine/Content/EditorResources/LightIcons/S_LightDirectional.uasset" 370
"../../../Engine/Content/EditorResources/LightIcons/S_LightDirectional.uexp" 371
"../../../Engine/Content/EditorResources/LightIcons/S_LightDirectionalMove.uasset" 372
"../../../Engine/Content/EditorResources/LightIcons/S_LightDirectionalMove.uexp" 373
"../../../Engine/Content/EditorResources/LightIcons/S_LightError.uasset" 374
"../../../Engine/Content/EditorResources/LightIcons/S_LightError.uexp" 375
"../../../Engine/Content/EditorResources/LightIcons/S_LightPoint.uasset" 376
"../../../Engine/Content/EditorResources/LightIcons/S_LightPoint.uexp" 377
"../../../Engine/Content/EditorResources/LightIcons/S_LightPointMove.uasset" 378
"../../../Engine/Content/EditorResources/LightIcons/S_LightPointMove.uexp" 379
"../../../Engine/Content/EditorResources/LightIcons/S_LightSpot.uasset" 380
"../../../Engine/Content/EditorResources/LightIcons/S_LightSpot.uexp" 381
"../../../Engine/Content/EditorResources/LightIcons/S_LightSpotMove.uasset" 382
"../../../Engine/Content/EditorResources/LightIcons/S_LightSpotMove.uexp" 383
"../../../Engine/Content/EditorResources/SequenceRecorder/Countdown.uasset" 384
"../../../Engine/Content/EditorResources/SequenceRecorder/Countdown.uexp" 385
"../../../Engine/Content/EditorResources/SequenceRecorder/RecordingIndicator.uasset" 386
"../../../Engine/Content/EditorResources/SequenceRecorder/RecordingIndicator.uexp" 387
"../../../Engine/Content/EditorResources/Spline/T_Loft_Spline.uasset" 388
"../../../Engine/Content/EditorResources/Spline/T_Loft_Spline.uexp" 389
"../../../Engine/Content/EditorSounds/Notifications/CompileSuccess.uasset" 390
"../../../Engine/Content/EditorSounds/Notifications/CompileSuccess.uexp" 391
"../../../Engine/Content/EditorSounds/Notifications/CompileStart_Cue.uasset" 392
"../../../Engine/Content/EditorSounds/Notifications/CompileStart_Cue.uexp" 393
"../../../Engine/Content/EditorSounds/Notifications/CompileSuccess_Cue.uasset" 394
"../../../Engine/Content/EditorSounds/Notifications/CompileSuccess_Cue.uexp" 395
"../../../Engine/Content/EngineDamageTypes/DmgTypeBP_Environmental.uasset" 396
"../../../Engine/Content/EngineDamageTypes/DmgTypeBP_Environmental.uexp" 397
"../../../Engine/Content/EngineDebugMaterials/HeatmapGradient.uasset" 398
"../../../Engine/Content/EngineDebugMaterials/HeatmapGradient.uexp" 399
"../../../Engine/Content/EngineDebugMaterials/HeatmapGradient.ubulk" 400
"../../../Engine/Content/EngineDebugMaterials/BoneWeightMaterial.uasset" 401
"../../../Engine/Content/EngineDebugMaterials/BoneWeightMaterial.uexp" 402
"../../../Engine/Content/EngineDebugMaterials/ClothMaterial.uasset" 403
"../../../Engine/Content/EngineDebugMaterials/ClothMaterial.uexp" 404
"../../../Engine/Content/EngineDebugMaterials/ClothMaterial_WF.uasset" 405
"../../../Engine/Content/EngineDebugMaterials/ClothMaterial_WF.uexp" 406
"../../../Engine/Content/EngineDebugMaterials/DebugEditorMaterial.uasset" 407
"../../../Engine/Content/EngineDebugMaterials/DebugEditorMaterial.uexp" 408
"../../../Engine/Content/EngineDebugMaterials/DebugMeshMaterial.uasset" 409
"../../../Engine/Content/EngineDebugMaterials/DebugMeshMaterial.uexp" 410
"../../../Engine/Content/EngineDebugMaterials/GeomMaterial.uasset" 411
"../../../Engine/Content/EngineDebugMaterials/GeomMaterial.uexp" 412
"../../../Engine/Content/Functions/Engine_MaterialFunctions01/Shading/ConvertFromDiffSpec.uasset" 413
"../../../Engine/Content/Functions/Engine_MaterialFunctions01/Shading/ConvertFromDiffSpec.uexp" 414
"../../../Engine/Content/EngineDebugMaterials/LevelColorationLitMaterial.uasset" 415
"../../../Engine/Content/EngineDebugMaterials/LevelColorationLitMaterial.uexp" 416
"../../../Engine/Content/EngineDebugMaterials/LevelColorationUnlitMaterial.uasset" 417
"../../../Engine/Content/EngineDebugMaterials/LevelColorationUnlitMaterial.uexp" 418
"../../../Engine/Content/EngineMaterials/DefaultWhiteGrid.uasset" 419
"../../../Engine/Content/EngineMaterials/DefaultWhiteGrid.uexp" 420
"../../../Engine/Content/EngineMaterials/DefaultWhiteGrid.ubulk" 421
"../../../Engine/Content/EngineDebugMaterials/MAT_LevelColorationLitLightmapUV.uasset" 422
"../../../Engine/Content/EngineDebugMaterials/MAT_LevelColorationLitLightmapUV.uexp" 423
"../../../Engine/Content/EngineDebugMaterials/M_SimpleUnlitTranslucent.uasset" 424
"../../../Engine/Content/EngineDebugMaterials/M_SimpleUnlitTranslucent.uexp" 425
"../../../Engine/Content/EngineDebugMaterials/VolumeToRender.uasset" 426
"../../../Engine/Content/EngineDebugMaterials/VolumeToRender.uexp" 427
"../../../Engine/Content/Functions/Engine_MaterialFunctions02/Utility/CameraDirectionVector.uasset" 428
"../../../Engine/Content/Functions/Engine_MaterialFunctions02/Utility/CameraDirectionVector.uexp" 429
"../../../Engine/Content/EngineDebugMaterials/M_VolumeRenderSphereTracePP.uasset" 430
"../../../Engine/Content/EngineDebugMaterials/M_VolumeRenderSphereTracePP.uexp" 431
"../../../Engine/Content/EngineMaterials/DefaultWhiteGrid_Low.uasset" 432
"../../../Engine/Content/EngineMaterials/DefaultWhiteGrid_Low.uexp" 433
"../../../Engine/Content/EngineDebugMaterials/PhysicalMaterialMaskMaterial.uasset" 434
"../../../Engine/Content/EngineDebugMaterials/PhysicalMaterialMaskMaterial.uexp" 435
"../../../Engine/Content/EngineDebugMaterials/ShadedLevelColorationLitMaterial.uasset" 436
"../../../Engine/Content/EngineDebugMaterials/ShadedLevelColorationLitMaterial.uexp" 437
"../../../Engine/Content/EngineDebugMaterials/ShadedLevelColorationUnlitMateri.uasset" 438
"../../../Engine/Content/EngineDebugMaterials/ShadedLevelColorationUnlitMateri.uexp" 439
"../../../Engine/Content/EngineDebugMaterials/VertexColorMaterial.uasset" 440
"../../../Engine/Content/EngineDebugMaterials/VertexColorMaterial.uexp" 441
"../../../Engine/Content/EngineDebugMaterials/VertexColorViewMode_AlphaAsColor.uasset" 442
"../../../Engine/Content/EngineDebugMaterials/VertexColorViewMode_AlphaAsColor.uexp" 443
"../../../Engine/Content/EngineDebugMaterials/VertexColorViewMode_BlueOnly.uasset" 444
"../../../Engine/Content/EngineDebugMaterials/VertexColorViewMode_BlueOnly.uexp" 445
"../../../Engine/Content/EngineDebugMaterials/VertexColorViewMode_ColorOnly.uasset" 446
"../../../Engine/Content/EngineDebugMaterials/VertexColorViewMode_ColorOnly.uexp" 447
"../../../Engine/Content/EngineDebugMaterials/VertexColorViewMode_GreenOnly.uasset" 448
"../../../Engine/Content/EngineDebugMaterials/VertexColorViewMode_GreenOnly.uexp" 449
"../../../Engine/Content/EngineDebugMaterials/VertexColorViewMode_RedOnly.uasset" 450
"../../../Engine/Content/EngineDebugMaterials/VertexColorViewMode_RedOnly.uexp" 451
"../../../Engine/Content/EngineDebugMaterials/WireframeMaterial.uasset" 452
"../../../Engine/Content/EngineDebugMaterials/WireframeMaterial.uexp" 453
"../../../Engine/Content/EngineFonts/Faces/RobotoRegular.uasset" 454
"../../../Engine/Content/EngineFonts/Faces/RobotoRegular.uexp" 455
"../../../Engine/Content/EngineFonts/Faces/RobotoRegular.ufont" 456
"../../../Engine/Content/EngineFonts/Faces/RobotoLight.uasset" 457
"../../../Engine/Content/EngineFonts/Faces/RobotoLight.uexp" 458
"../../../Engine/Content/EngineFonts/Faces/RobotoLight.ufont" 459
"../../../Engine/Content/EngineFonts/Faces/RobotoItalic.uasset" 460
"../../../Engine/Content/EngineFonts/Faces/RobotoItalic.uexp" 461
"../../../Engine/Content/EngineFonts/Faces/RobotoItalic.ufont" 462
"../../../Engine/Content/EngineFonts/Faces/RobotoBoldItalic.uasset" 463
"../../../Engine/Content/EngineFonts/Faces/RobotoBoldItalic.uexp" 464
"../../../Engine/Content/EngineFonts/Faces/RobotoBoldItalic.ufont" 465
"../../../Engine/Content/EngineFonts/Faces/RobotoBold.uasset" 466
"../../../Engine/Content/EngineFonts/Faces/RobotoBold.uexp" 467
"../../../Engine/Content/EngineFonts/Faces/RobotoBold.ufont" 468
"../../../Engine/Content/EngineFonts/Faces/DroidSansFallback.uasset" 469
"../../../Engine/Content/EngineFonts/Faces/DroidSansFallback.uexp" 470
"../../../Engine/Content/EngineFonts/Faces/DroidSansFallback.ufont" 471
"../../../Engine/Content/EngineFonts/Roboto.uasset" 472
"../../../Engine/Content/EngineFonts/Roboto.uexp" 473
"../../../Engine/Content/EngineFonts/Faces/RobotoTiny.uasset" 474
"../../../Engine/Content/EngineFonts/Faces/RobotoTiny.uexp" 475
"../../../Engine/Content/EngineFonts/Faces/RobotoTiny.ufont" 476
"../../../Engine/Content/EngineFonts/RobotoTiny.uasset" 477
"../../../Engine/Content/EngineFonts/RobotoTiny.uexp" 478
"../../../Engine/Content/EngineFonts/SmallFont.uasset" 479
"../../../Engine/Content/EngineFonts/SmallFont.uexp" 480
"../../../Engine/Content/EngineFonts/TinyFont.uasset" 481
"../../../Engine/Content/EngineFonts/TinyFont.uexp" 482
"../../../Engine/Content/EngineMaterials/BaseFlattenNormalMap.uasset" 483
"../../../Engine/Content/EngineMaterials/BaseFlattenNormalMap.uexp" 484
"../../../Engine/Content/EngineMaterials/BaseFlattenGrayscaleMap.uasset" 485
"../../../Engine/Content/EngineMaterials/BaseFlattenGrayscaleMap.uexp" 486
"../../../Engine/Content/EngineMaterials/BaseFlattenEmissiveMap.uasset" 487
"../../../Engine/Content/EngineMaterials/BaseFlattenEmissiveMap.uexp" 488
"../../../Engine/Content/EngineMaterials/BaseFlattenDiffuseMap.uasset" 489
"../../../Engine/Content/EngineMaterials/BaseFlattenDiffuseMap.uexp" 490
"../../../Engine/Content/EngineMaterials/BaseFlattenMaterial.uasset" 491
"../../../Engine/Content/EngineMaterials/BaseFlattenMaterial.uexp" 492
"../../../Engine/Content/EngineResources/WhiteSquareTexture.uasset" 493
"../../../Engine/Content/EngineResources/WhiteSquareTexture.uexp" 494
"../../../Engine/Content/EngineMaterials/BlinkingCaret.uasset" 495
"../../../Engine/Content/EngineMaterials/BlinkingCaret.uexp" 496
"../../../Engine/Content/EngineMaterials/BlueNoise.uasset" 497
"../../../Engine/Content/EngineMaterials/BlueNoise.uexp" 498
"../../../Engine/Content/EngineMaterials/DefaultBloomKernel.uasset" 499
"../../../Engine/Content/EngineMaterials/DefaultBloomKernel.uexp" 500
"../../../Engine/Content/EngineMaterials/DefaultBokeh.uasset" 501
"../../../Engine/Content/EngineMaterials/DefaultBokeh.uexp" 502
"../../../Engine/Content/EngineMaterials/DefaultDeferredDecalMaterial.uasset" 503
"../../../Engine/Content/EngineMaterials/DefaultDeferredDecalMaterial.uexp" 504
"../../../Engine/Content/EngineMaterials/DefaultLightFunctionMaterial.uasset" 505
"../../../Engine/Content/EngineMaterials/DefaultLightFunctionMaterial.uexp" 506
"../../../Engine/Content/EngineMaterials/DefaultPostProcessMaterial.uasset" 507
"../../../Engine/Content/EngineMaterials/DefaultPostProcessMaterial.uexp" 508
"../../../Engine/Content/EngineFonts/RobotoDistanceField.uasset" 509
"../../../Engine/Content/EngineFonts/RobotoDistanceField.uexp" 510
"../../../Engine/Content/EngineMaterials/DefaultTextMaterialOpaque.uasset" 511
"../../../Engine/Content/EngineMaterials/DefaultTextMaterialOpaque.uexp" 512
"../../../Engine/Content/EngineMaterials/EditorBrushMaterial.uasset" 513
"../../../Engine/Content/EngineMaterials/EditorBrushMaterial.uexp" 514
"../../../Engine/Content/EngineMaterials/EmissiveMeshMaterial.uasset" 515
"../../../Engine/Content/EngineMaterials/EmissiveMeshMaterial.uexp" 516
"../../../Engine/Content/EngineMaterials/GizmoMaterial.uasset" 517
"../../../Engine/Content/EngineMaterials/GizmoMaterial.uexp" 518
"../../../Engine/Content/EngineMaterials/Good64x64TilingNoiseHighFreq.uasset" 519
"../../../Engine/Content/EngineMaterials/Good64x64TilingNoiseHighFreq.uexp" 520
"../../../Engine/Content/EngineMaterials/Grid_N.uasset" 521
"../../../Engine/Content/EngineMaterials/Grid_N.uexp" 522
"../../../Engine/Content/EngineMaterials/Grid_N.ubulk" 523
"../../../Engine/Content/EngineMaterials/HighResolutionScreenshotMaskFunction.uasset" 524
"../../../Engine/Content/EngineMaterials/HighResolutionScreenshotMaskFunction.uexp" 525
"../../../Engine/Content/EngineMaterials/HighResScreenshot.uasset" 526
"../../../Engine/Content/EngineMaterials/HighResScreenshot.uexp" 527
"../../../Engine/Content/EngineMaterials/HighResScreenshotCaptureRegion.uasset" 528
"../../../Engine/Content/EngineMaterials/HighResScreenshotCaptureRegion.uexp" 529
"../../../Engine/Content/EngineMaterials/HighResScreenshotMask.uasset" 530
"../../../Engine/Content/EngineMaterials/HighResScreenshotMask.uexp" 531
"../../../Engine/Content/EngineMaterials/LandscapeHolePhysicalMaterial.uasset" 532
"../../../Engine/Content/EngineMaterials/LandscapeHolePhysicalMaterial.uexp" 533
"../../../Engine/Content/EngineMaterials/InvalidLightmapSettings.uasset" 534
"../../../Engine/Content/EngineMaterials/InvalidLightmapSettings.uexp" 535
"../../../Engine/Content/EngineMaterials/InvalidLightmapSettings.ubulk" 536
"../../../Engine/Content/EngineMaterials/M_InvalidLightmapSettings.uasset" 537
"../../../Engine/Content/EngineMaterials/M_InvalidLightmapSettings.uexp" 538
"../../../Engine/Content/EngineMaterials/PaperDiffuse.uasset" 539
"../../../Engine/Content/EngineMaterials/PaperDiffuse.uexp" 540
"../../../Engine/Content/EngineMaterials/PaperNormal.uasset" 541
"../../../Engine/Content/EngineMaterials/PaperNormal.uexp" 542
"../../../Engine/Content/Functions/Engine_MaterialFunctions02/WorldPositionOffset/CameraOffset.uasset" 543
"../../../Engine/Content/Functions/Engine_MaterialFunctions02/WorldPositionOffset/CameraOffset.uexp" 544
"../../../Engine/Content/EngineMaterials/PhAT_JointLimitMaterial.uasset" 545
"../../../Engine/Content/EngineMaterials/PhAT_JointLimitMaterial.uexp" 546
"../../../Engine/Content/EngineMaterials/PhysMat_Rubber.uasset" 547
"../../../Engine/Content/EngineMaterials/PhysMat_Rubber.uexp" 548
"../../../Engine/Content/EngineMaterials/DefaultCalibrationColor.uasset" 549
"../../../Engine/Content/EngineMaterials/DefaultCalibrationColor.uexp" 550
"../../../Engine/Content/EngineMaterials/PPM_DefaultCalibrationColor.uasset" 551
"../../../Engine/Content/EngineMaterials/PPM_DefaultCalibrationColor.uexp" 552
"../../../Engine/Content/EngineMaterials/DefaultCalibrationGrayscale.uasset" 553
"../../../Engine/Content/EngineMaterials/DefaultCalibrationGrayscale.uexp" 554
"../../../Engine/Content/EngineMaterials/PPM_DefaultCalibrationGrayscale.uasset" 555
"../../../Engine/Content/EngineMaterials/PPM_DefaultCalibrationGrayscale.uexp" 556
"../../../Engine/Content/EngineMaterials/PreintegratedSkinBRDF.uasset" 557
"../../../Engine/Content/EngineMaterials/PreintegratedSkinBRDF.uexp" 558
"../../../Engine/Content/EngineMaterials/RemoveSurfaceMaterial.uasset" 559
"../../../Engine/Content/EngineMaterials/RemoveSurfaceMaterial.uexp" 560
"../../../Engine/Content/EngineMaterials/WeightMapPlaceholderTexture.uasset" 561
"../../../Engine/Content/EngineMaterials/WeightMapPlaceholderTexture.uexp" 562
"../../../Engine/Content/Functions/Engine_MaterialFunctions01/ImageAdjustment/sRGBToLinear.uasset" 563
"../../../Engine/Content/Functions/Engine_MaterialFunctions01/ImageAdjustment/sRGBToLinear.uexp" 564
"../../../Engine/Content/Functions/Engine_MaterialFunctions02/Utility/BreakOutFloat3Components.uasset" 565
"../../../Engine/Content/Functions/Engine_MaterialFunctions02/Utility/BreakOutFloat3Components.uexp" 566
"../../../Engine/Content/EngineMaterials/Widget3DCameraPassThrough_Opaque_OneSided.uasset" 567
"../../../Engine/Content/EngineMaterials/Widget3DCameraPassThrough_Opaque_OneSided.uexp" 568
"../../../Engine/Content/EngineMaterials/Widget3DPassThrough.uasset" 569
"../../../Engine/Content/EngineMaterials/Widget3DPassThrough.uexp" 570
"../../../Engine/Content/EngineMaterials/Widget3DPassThrough_Masked.uasset" 571
"../../../Engine/Content/EngineMaterials/Widget3DPassThrough_Masked.uexp" 572
"../../../Engine/Content/EngineMaterials/Widget3DPassThrough_Opaque.uasset" 573
"../../../Engine/Content/EngineMaterials/Widget3DPassThrough_Opaque.uexp" 574
"../../../Engine/Content/EngineMaterials/Widget3DPassThrough_Masked_OneSided.uasset" 575
"../../../Engine/Content/EngineMaterials/Widget3DPassThrough_Masked_OneSided.uexp" 576
"../../../Engine/Content/EngineMaterials/Widget3DPassThrough_Opaque_OneSided.uasset" 577
"../../../Engine/Content/EngineMaterials/Widget3DPassThrough_Opaque_OneSided.uexp" 578
"../../../Engine/Content/EngineMaterials/Widget3DPassThrough_Translucent.uasset" 579
"../../../Engine/Content/EngineMaterials/Widget3DPassThrough_Translucent.uexp" 580
"../../../Engine/Content/EngineMaterials/Widget3DPassThrough_Translucent_OneSided.uasset" 581
"../../../Engine/Content/EngineMaterials/Widget3DPassThrough_Translucent_OneSided.uexp" 582
"../../../Engine/Content/EngineMaterials/DefaultMaterial.uasset" 583
"../../../Engine/Content/EngineMaterials/DefaultMaterial.uexp" 584
"../../../Engine/Content/EngineMeshes/Cylinder.uasset" 585
"../../../Engine/Content/EngineMeshes/Cylinder.uexp" 586
"../../../Engine/Content/EngineMeshes/Sphere.uasset" 587
"../../../Engine/Content/EngineMeshes/Sphere.uexp" 588
"../../../Engine/Content/EngineResources/DefaultTextureCube.uasset" 589
"../../../Engine/Content/EngineResources/DefaultTextureCube.uexp" 590
"../../../Engine/Content/EngineResources/DefaultVolumeTexture2D.uasset" 591
"../../../Engine/Content/EngineResources/DefaultVolumeTexture2D.uexp" 592
"../../../Engine/Content/EngineResources/DefaultVolumeTexture.uasset" 593
"../../../Engine/Content/EngineResources/DefaultVolumeTexture.uexp" 594
"../../../Engine/Content/EngineResources/GradientTexture0.uasset" 595
"../../../Engine/Content/EngineResources/GradientTexture0.uexp" 596
"../../../Engine/Content/EngineResources/StreamingPauseIcon.uasset" 597
"../../../Engine/Content/EngineResources/StreamingPauseIcon.uexp" 598
"../../../Engine/Content/EngineResources/M_StreamingPause.uasset" 599
"../../../Engine/Content/EngineResources/M_StreamingPause.uexp" 600
"../../../Engine/Content/EngineSky/VolumetricClouds/T_NoiseShape64.uasset" 601
"../../../Engine/Content/EngineSky/VolumetricClouds/T_NoiseShape64.uexp" 602
"../../../Engine/Content/EngineSky/VolumetricClouds/T_NoiseShape64.ubulk" 603
"../../../Engine/Content/EngineSky/VolumetricClouds/T_VolumeNoiseShape64.uasset" 604
"../../../Engine/Content/EngineSky/VolumetricClouds/T_VolumeNoiseShape64.uexp" 605
"../../../Engine/Content/EngineSky/VolumetricClouds/T_NoiseErosion.uasset" 606
"../../../Engine/Content/EngineSky/VolumetricClouds/T_NoiseErosion.uexp" 607
"../../../Engine/Content/EngineSky/VolumetricClouds/T_NoiseErosion.ubulk" 608
"../../../Engine/Content/EngineSky/VolumetricClouds/T_VolumeNoiseErosion32.uasset" 609
"../../../Engine/Content/EngineSky/VolumetricClouds/T_VolumeNoiseErosion32.uexp" 610
"../../../Engine/Content/EngineSky/VolumetricClouds/CloudWeatherTexture.uasset" 611
"../../../Engine/Content/EngineSky/VolumetricClouds/CloudWeatherTexture.uexp" 612
"../../../Engine/Content/EngineSky/VolumetricClouds/CloudGradientTexture.uasset" 613
"../../../Engine/Content/EngineSky/VolumetricClouds/CloudGradientTexture.uexp" 614
"../../../Engine/Content/EngineSky/VolumetricClouds/m_SimpleVolumetricCloud.uasset" 615
"../../../Engine/Content/EngineSky/VolumetricClouds/m_SimpleVolumetricCloud.uexp" 616
"../../../Engine/Content/EngineSky/VolumetricClouds/m_SimpleVolumetricCloud_Inst.uasset" 617
"../../../Engine/Content/EngineSky/VolumetricClouds/m_SimpleVolumetricCloud_Inst.uexp" 618
"../../../Engine/Content/EngineSounds/Master.uasset" 619
"../../../Engine/Content/EngineSounds/Master.uexp" 620
"../../../Engine/Content/Functions/Engine_MaterialFunctions01/Shading/PowerToRoughness.uasset" 621
"../../../Engine/Content/Functions/Engine_MaterialFunctions01/Shading/PowerToRoughness.uexp" 622
"../../../Engine/Content/Maps/Templates/Thumbnails/Default.uasset" 623
"../../../Engine/Content/Maps/Templates/Thumbnails/Default.uexp" 624
"../../../Engine/Content/Maps/Templates/Thumbnails/TimeOfDay.uasset" 625
"../../../Engine/Content/Maps/Templates/Thumbnails/TimeOfDay.uexp" 626
"../../../Engine/Content/Maps/Templates/Thumbnails/VR-Basic.uasset" 627
"../../../Engine/Content/Maps/Templates/Thumbnails/VR-Basic.uexp" 628
"../../../Engine/Content/MapTemplates/Sky/DaylightAmbientCubemap.uasset" 629
"../../../Engine/Content/MapTemplates/Sky/DaylightAmbientCubemap.uexp" 630
"../../../Engine/Content/MobileResources/T_MobileControls_texture.uasset" 631
"../../../Engine/Content/MobileResources/T_MobileControls_texture.uexp" 632
"../../../Engine/Content/MobileResources/T_MobileMenu2.uasset" 633
"../../../Engine/Content/MobileResources/T_MobileMenu2.uexp" 634
"../../../Engine/Content/MobileResources/HUD/AnalogHat.uasset" 635
"../../../Engine/Content/MobileResources/HUD/AnalogHat.uexp" 636
"../../../Engine/Content/MobileResources/HUD/VirtualJoystick_Thumb.uasset" 637
"../../../Engine/Content/MobileResources/HUD/VirtualJoystick_Thumb.uexp" 638
"../../../Engine/Content/MobileResources/HUD/VirtualJoystick_Background.uasset" 639
"../../../Engine/Content/MobileResources/HUD/VirtualJoystick_Background.uexp" 640
"../../../Engine/Content/MobileResources/HUD/DefaultVirtualJoysticks.uasset" 641
"../../../Engine/Content/MobileResources/HUD/DefaultVirtualJoysticks.uexp" 642
"../../../Engine/Content/MobileResources/HUD/LeftVirtualJoystickOnly.uasset" 643
"../../../Engine/Content/MobileResources/HUD/LeftVirtualJoystickOnly.uexp" 644
"../../../Engine/Content/MobileResources/HUD/MobileHUDButton1_off.uasset" 645
"../../../Engine/Content/MobileResources/HUD/MobileHUDButton1_off.uexp" 646
"../../../Engine/Content/MobileResources/HUD/MobileHUDButton1_on.uasset" 647
"../../../Engine/Content/MobileResources/HUD/MobileHUDButton1_on.uexp" 648
"../../../Engine/Content/MobileResources/HUD/MobileHUDButton2_off.uasset" 649
"../../../Engine/Content/MobileResources/HUD/MobileHUDButton2_off.uexp" 650
"../../../Engine/Content/MobileResources/HUD/MobileHUDButton2_on.uasset" 651
"../../../Engine/Content/MobileResources/HUD/MobileHUDButton2_on.uexp" 652
"../../../Engine/Content/MobileResources/HUD/MobileHUDButton3.uasset" 653
"../../../Engine/Content/MobileResources/HUD/MobileHUDButton3.uexp" 654
"../../../Engine/Content/MobileResources/HUD/MobileHUDButtonFire.uasset" 655
"../../../Engine/Content/MobileResources/HUD/MobileHUDButtonFire.uexp" 656
"../../../Engine/Content/MobileResources/HUD/MobileHUDDirectionPad.uasset" 657
"../../../Engine/Content/MobileResources/HUD/MobileHUDDirectionPad.uexp" 658
"../../../Engine/Content/MobileResources/HUD/MobileHUDDirectionPad2.uasset" 659
"../../../Engine/Content/MobileResources/HUD/MobileHUDDirectionPad2.uexp" 660
"../../../Engine/Content/MobileResources/HUD/MobileHUDDirectionPad3.uasset" 661
"../../../Engine/Content/MobileResources/HUD/MobileHUDDirectionPad3.uexp" 662
"../../../Engine/Content/MobileResources/HUD/MobileHUDDirectionStick.uasset" 663
"../../../Engine/Content/MobileResources/HUD/MobileHUDDirectionStick.uexp" 664
"../../../Engine/Content/MobileResources/HUD/T_Castle_ThumbstickInner.uasset" 665
"../../../Engine/Content/MobileResources/HUD/T_Castle_ThumbstickInner.uexp" 666
"../../../Engine/Content/MobileResources/HUD/T_Castle_ThumbstickOutter.uasset" 667
"../../../Engine/Content/MobileResources/HUD/T_Castle_ThumbstickOutter.uexp" 668
"../../../Engine/Content/Tutorial/ContentIntroCurve.uasset" 669
"../../../Engine/Content/Tutorial/ContentIntroCurve.uexp" 670
"../../../Engine/Content/Tutorial/Basics/TutorialAssets/icon_tab_Levels_40x.uasset" 671
"../../../Engine/Content/Tutorial/Basics/TutorialAssets/icon_tab_Levels_40x.uexp" 672
"../../../Engine/Content/Tutorial/Landscape/TutorialAssets/Landscape.uasset" 673
"../../../Engine/Content/Tutorial/Landscape/TutorialAssets/Landscape.uexp" 674
"../../../Engine/Content/EditorBlueprintResources/StandardMacros.uasset" 675
"../../../Engine/Content/EditorBlueprintResources/StandardMacros.uexp" 676
"../../../Engine/Content/VREditor/TransformGizmo/TranslucentTransformGizmoMaterial.uasset" 677
"../../../Engine/Content/VREditor/TransformGizmo/TranslucentTransformGizmoMaterial.uexp" 678
"../../../Engine/Content/VREditor/LaserPointer/VR_LaserPower_01.uasset" 679
"../../../Engine/Content/VREditor/LaserPointer/VR_LaserPower_01.uexp" 680
"../../../Engine/Content/VREditor/LaserPointer/VR_LaserPower_01.ubulk" 681
"../../../Engine/Content/VREditor/TransformGizmo/TransformGizmoMaterial.uasset" 682
"../../../Engine/Content/VREditor/TransformGizmo/TransformGizmoMaterial.uexp" 683
"../../../Engine/Content/VREditor/TransformGizmo/BoundingBoxCorner.uasset" 684
"../../../Engine/Content/VREditor/TransformGizmo/BoundingBoxCorner.uexp" 685
"../../../Engine/Content/VREditor/TransformGizmo/BoundingBoxEdge.uasset" 686
"../../../Engine/Content/VREditor/TransformGizmo/BoundingBoxEdge.uexp" 687
"../../../Engine/Content/VREditor/TransformGizmo/PlaneTranslationHandle.uasset" 688
"../../../Engine/Content/VREditor/TransformGizmo/PlaneTranslationHandle.uexp" 689
"../../../Engine/Content/VREditor/TransformGizmo/Xray.uasset" 690
"../../../Engine/Content/VREditor/TransformGizmo/Xray.uexp" 691
"../../../Engine/Content/VREditor/TransformGizmo/Main.uasset" 692
"../../../Engine/Content/VREditor/TransformGizmo/Main.uexp" 693
"../../../Engine/Content/VREditor/TransformGizmo/SM_Sequencer_Key.uasset" 694
"../../../Engine/Content/VREditor/TransformGizmo/SM_Sequencer_Key.uexp" 695
"../../../Engine/Content/VREditor/TransformGizmo/SM_Sequencer_Node.uasset" 696
"../../../Engine/Content/VREditor/TransformGizmo/SM_Sequencer_Node.uexp" 697
"../../../Engine/Plugins/2D/Paper2D/Content/PlaceholderTextures/DummySpriteTexture.uasset" 698
"../../../Engine/Plugins/2D/Paper2D/Content/PlaceholderTextures/DummySpriteTexture.uexp" 699
"../../../Engine/Plugins/2D/Paper2D/Content/PlaceholderTextures/DummySpriteTexture.ubulk" 700
"../../../Engine/Plugins/2D/Paper2D/Content/DummySprite.uasset" 701
"../../../Engine/Plugins/2D/Paper2D/Content/DummySprite.uexp" 702
"../../../Engine/Plugins/2D/Paper2D/Content/DefaultPaperTerrainMaterial.uasset" 703
"../../../Engine/Plugins/2D/Paper2D/Content/DefaultPaperTerrainMaterial.uexp" 704
"../../../Engine/Plugins/2D/Paper2D/Content/DefaultSpriteMaterial.uasset" 705
"../../../Engine/Plugins/2D/Paper2D/Content/DefaultSpriteMaterial.uexp" 706
"../../../Engine/Plugins/2D/Paper2D/Content/MaskedUnlitSpriteMaterial.uasset" 707
"../../../Engine/Plugins/2D/Paper2D/Content/MaskedUnlitSpriteMaterial.uexp" 708
"../../../Engine/Plugins/2D/Paper2D/Content/OpaqueUnlitSpriteMaterial.uasset" 709
"../../../Engine/Plugins/2D/Paper2D/Content/OpaqueUnlitSpriteMaterial.uexp" 710
"../../../Engine/Plugins/Editor/SpeedTreeImporter/Content/SpeedTree9/UnpackInteger3.uasset" 711
"../../../Engine/Plugins/Editor/SpeedTreeImporter/Content/SpeedTree9/UnpackInteger3.uexp" 712
"../../../Engine/Plugins/Editor/SpeedTreeImporter/Content/SpeedTree9/UnpackDirection.uasset" 713
"../../../Engine/Plugins/Editor/SpeedTreeImporter/Content/SpeedTree9/UnpackDirection.uexp" 714
"../../../Engine/Plugins/Editor/SpeedTreeImporter/Content/SpeedTree9/game_wind_noise.uasset" 715
"../../../Engine/Plugins/Editor/SpeedTreeImporter/Content/SpeedTree9/game_wind_noise.uexp" 716
"../../../Engine/Plugins/Editor/SpeedTreeImporter/Content/SpeedTree9/game_wind_noise.ubulk" 717
"../../../Engine/Content/Functions/Engine_MaterialFunctions02/SafeNormalize.uasset" 718
"../../../Engine/Content/Functions/Engine_MaterialFunctions02/SafeNormalize.uexp" 719
"../../../Engine/Plugins/Editor/SpeedTreeImporter/Content/SpeedTree9/SpeedTreeWindMotion.uasset" 720
"../../../Engine/Plugins/Editor/SpeedTreeImporter/Content/SpeedTree9/SpeedTreeWindMotion.uexp" 721
"../../../Engine/Plugins/Editor/SpeedTreeImporter/Content/SpeedTree9/SpeedTreeBranchMotion.uasset" 722
"../../../Engine/Plugins/Editor/SpeedTreeImporter/Content/SpeedTree9/SpeedTreeBranchMotion.uexp" 723
"../../../Engine/Content/Functions/Engine_MaterialFunctions02/ObjectLocalBounds.uasset" 724
"../../../Engine/Content/Functions/Engine_MaterialFunctions02/ObjectLocalBounds.uexp" 725
"../../../Engine/Content/Functions/Engine_MaterialFunctions02/UVs/BoundingBoxBased_0-1_UVW.uasset" 726
"../../../Engine/Content/Functions/Engine_MaterialFunctions02/UVs/BoundingBoxBased_0-1_UVW.uexp" 727
"../../../Engine/Content/Functions/Engine_MaterialFunctions02/WorldPositionOffset/ObjectScale.uasset" 728
"../../../Engine/Content/Functions/Engine_MaterialFunctions02/WorldPositionOffset/ObjectScale.uexp" 729
"../../../Engine/Plugins/Editor/SpeedTreeImporter/Content/SpeedTree9/SpeedTreeWind.uasset" 730
"../../../Engine/Plugins/Editor/SpeedTreeImporter/Content/SpeedTree9/SpeedTreeWind.uexp" 731
"../../../Engine/Plugins/Editor/SpeedTreeImporter/Content/SpeedTree9/SpeedTreeBillboard.uasset" 732
"../../../Engine/Plugins/Editor/SpeedTreeImporter/Content/SpeedTree9/SpeedTreeBillboard.uexp" 733
"../../../Engine/Plugins/Editor/SpeedTreeImporter/Content/SpeedTree9/EmptyNormal.uasset" 734
"../../../Engine/Plugins/Editor/SpeedTreeImporter/Content/SpeedTree9/EmptyNormal.uexp" 735
"../../../Engine/Plugins/Editor/SpeedTreeImporter/Content/SpeedTree9/Empty.uasset" 736
"../../../Engine/Plugins/Editor/SpeedTreeImporter/Content/SpeedTree9/Empty.uexp" 737
"../../../Engine/Plugins/Editor/SpeedTreeImporter/Content/SpeedTree9/SpeedTreeBillboardMaster.uasset" 738
"../../../Engine/Plugins/Editor/SpeedTreeImporter/Content/SpeedTree9/SpeedTreeBillboardMaster.uexp" 739
"../../../Engine/Plugins/Editor/SpeedTreeImporter/Content/SpeedTree9/SpeedTreeCameraFacing.uasset" 740
"../../../Engine/Plugins/Editor/SpeedTreeImporter/Content/SpeedTree9/SpeedTreeCameraFacing.uexp" 741
"../../../Engine/Plugins/Editor/SpeedTreeImporter/Content/SpeedTree9/SpeedTreeMaster.uasset" 742
"../../../Engine/Plugins/Editor/SpeedTreeImporter/Content/SpeedTree9/SpeedTreeMaster.uexp" 743
"../../../Engine/Plugins/FX/Niagara/Content/Enums/ENiagaraRandomnessMode.uasset" 744
"../../../Engine/Plugins/FX/Niagara/Content/Enums/ENiagaraRandomnessMode.uexp" 745
"../../../Engine/Plugins/FX/Niagara/Content/Icons/S_ParticleSystem.uasset" 746
"../../../Engine/Plugins/FX/Niagara/Content/Icons/S_ParticleSystem.uexp" 747
"../../../Engine/Plugins/FX/Niagara/Content/Icons/S_ParticleSystem.ubulk" 748
"../../../Engine/Content/BasicShapes/Cylinder.uasset" 749
"../../../Engine/Content/BasicShapes/Cylinder.uexp" 750
"../../../Engine/Content/ArtTools/RenderToTexture/Materials/Debug/M_Emissive_Color.uasset" 751
"../../../Engine/Content/ArtTools/RenderToTexture/Materials/Debug/M_Emissive_Color.uexp" 752
"../../../Engine/Plugins/Lumin/MagicLeapPassableWorld/Content/MagicLeapARPinInfoActor.uasset" 753
"../../../Engine/Plugins/Lumin/MagicLeapPassableWorld/Content/MagicLeapARPinInfoActor.uexp" 754
"../../../Engine/Plugins/Runtime/OpenXR/Content/Devices/GoogleDaydream/MRTexture.uasset" 755
"../../../Engine/Plugins/Runtime/OpenXR/Content/Devices/GoogleDaydream/MRTexture.uexp" 756
"../../../Engine/Plugins/Runtime/OpenXR/Content/Devices/GoogleDaydream/MRTexture.ubulk" 757
"../../../Engine/Plugins/Runtime/OpenXR/Content/Devices/GoogleDaydream/BaseTexture.uasset" 758
"../../../Engine/Plugins/Runtime/OpenXR/Content/Devices/GoogleDaydream/BaseTexture.uexp" 759
"../../../Engine/Plugins/Runtime/OpenXR/Content/Devices/GoogleDaydream/BaseTexture.ubulk" 760
"../../../Engine/Content/EngineResources/Black.uasset" 761
"../../../Engine/Content/EngineResources/Black.uexp" 762
"../../../Engine/Plugins/Runtime/OpenXR/Content/Devices/M_XRController.uasset" 763
"../../../Engine/Plugins/Runtime/OpenXR/Content/Devices/M_XRController.uexp" 764
"../../../Engine/Plugins/Runtime/OpenXR/Content/Devices/GoogleDaydream/MI_GoogleDaydream.uasset" 765
"../../../Engine/Plugins/Runtime/OpenXR/Content/Devices/GoogleDaydream/MI_GoogleDaydream.uexp" 766
"../../../Engine/Plugins/Runtime/OpenXR/Content/Devices/GoogleDaydream/GoogleDaydreamController.uasset" 767
"../../../Engine/Plugins/Runtime/OpenXR/Content/Devices/GoogleDaydream/GoogleDaydreamController.uexp" 768
"../../../Engine/Plugins/Runtime/OpenXR/Content/Devices/HTCVive/BaseTexture.uasset" 769
"../../../Engine/Plugins/Runtime/OpenXR/Content/Devices/HTCVive/BaseTexture.uexp" 770
"../../../Engine/Plugins/Runtime/OpenXR/Content/Devices/HTCVive/BaseTexture.ubulk" 771
"../../../Engine/Plugins/Runtime/OpenXR/Content/Devices/HTCVive/MI_HTCVive.uasset" 772
"../../../Engine/Plugins/Runtime/OpenXR/Content/Devices/HTCVive/MI_HTCVive.uexp" 773
"../../../Engine/Plugins/Runtime/OpenXR/Content/Devices/HTCVive/HTCViveController.uasset" 774
"../../../Engine/Plugins/Runtime/OpenXR/Content/Devices/HTCVive/HTCViveController.uexp" 775
"../../../Engine/Plugins/Runtime/OpenXR/Content/Devices/MicrosoftMixedReality/NormalTexture.uasset" 776
"../../../Engine/Plugins/Runtime/OpenXR/Content/Devices/MicrosoftMixedReality/NormalTexture.uexp" 777
"../../../Engine/Plugins/Runtime/OpenXR/Content/Devices/MicrosoftMixedReality/NormalTexture.ubulk" 778
"../../../Engine/Plugins/Runtime/OpenXR/Content/Devices/MicrosoftMixedReality/MRTexture.uasset" 779
"../../../Engine/Plugins/Runtime/OpenXR/Content/Devices/MicrosoftMixedReality/MRTexture.uexp" 780
"../../../Engine/Plugins/Runtime/OpenXR/Content/Devices/MicrosoftMixedReality/MRTexture.ubulk" 781
"../../../Engine/Plugins/Runtime/OpenXR/Content/Devices/MicrosoftMixedReality/EmissiveTexture.uasset" 782
"../../../Engine/Plugins/Runtime/OpenXR/Content/Devices/MicrosoftMixedReality/EmissiveTexture.uexp" 783
"../../../Engine/Plugins/Runtime/OpenXR/Content/Devices/MicrosoftMixedReality/EmissiveTexture.ubulk" 784
"../../../Engine/Plugins/Runtime/OpenXR/Content/Devices/MicrosoftMixedReality/BaseTexture.uasset" 785
"../../../Engine/Plugins/Runtime/OpenXR/Content/Devices/MicrosoftMixedReality/BaseTexture.uexp" 786
"../../../Engine/Plugins/Runtime/OpenXR/Content/Devices/MicrosoftMixedReality/BaseTexture.ubulk" 787
"../../../Engine/Plugins/Runtime/OpenXR/Content/Devices/MicrosoftMixedReality/MI_MicrosoftMixedReality.uasset" 788
"../../../Engine/Plugins/Runtime/OpenXR/Content/Devices/MicrosoftMixedReality/MI_MicrosoftMixedReality.uexp" 789
"../../../Engine/Plugins/Runtime/OpenXR/Content/Devices/MicrosoftMixedReality/Left/left_MicrosoftMixedRealityController.uasset" 790
"../../../Engine/Plugins/Runtime/OpenXR/Content/Devices/MicrosoftMixedReality/Left/left_MicrosoftMixedRealityController.uexp" 791
"../../../Engine/Plugins/Runtime/OpenXR/Content/Devices/MicrosoftMixedReality/Right/right_MicrosoftMixedRealityController.uasset" 792
"../../../Engine/Plugins/Runtime/OpenXR/Content/Devices/MicrosoftMixedReality/Right/right_MicrosoftMixedRealityController.uexp" 793
"../../../Engine/Plugins/Runtime/OpenXR/Content/Devices/OculusGo/BaseTexture.uasset" 794
"../../../Engine/Plugins/Runtime/OpenXR/Content/Devices/OculusGo/BaseTexture.uexp" 795
"../../../Engine/Plugins/Runtime/OpenXR/Content/Devices/OculusGo/BaseTexture.ubulk" 796
"../../../Engine/Plugins/Runtime/OpenXR/Content/Devices/OculusGo/MI_OculusGo.uasset" 797
"../../../Engine/Plugins/Runtime/OpenXR/Content/Devices/OculusGo/MI_OculusGo.uexp" 798
"../../../Engine/Plugins/Runtime/OpenXR/Content/Devices/OculusGo/OculusGoController.uasset" 799
"../../../Engine/Plugins/Runtime/OpenXR/Content/Devices/OculusGo/OculusGoController.uexp" 800
"../../../Engine/Plugins/Runtime/OpenXR/Content/Devices/OculusTouch/MRTexture.uasset" 801
"../../../Engine/Plugins/Runtime/OpenXR/Content/Devices/OculusTouch/MRTexture.uexp" 802
"../../../Engine/Plugins/Runtime/OpenXR/Content/Devices/OculusTouch/MRTexture.ubulk" 803
"../../../Engine/Plugins/Runtime/OpenXR/Content/Devices/OculusTouch/BaseTexture.uasset" 804
"../../../Engine/Plugins/Runtime/OpenXR/Content/Devices/OculusTouch/BaseTexture.uexp" 805
"../../../Engine/Plugins/Runtime/OpenXR/Content/Devices/OculusTouch/BaseTexture.ubulk" 806
"../../../Engine/Plugins/Runtime/OpenXR/Content/Devices/OculusTouch/MI_OculusTouch.uasset" 807
"../../../Engine/Plugins/Runtime/OpenXR/Content/Devices/OculusTouch/MI_OculusTouch.uexp" 808
"../../../Engine/Plugins/Runtime/OpenXR/Content/Devices/OculusTouch/Left/left_OculusTouchController.uasset" 809
"../../../Engine/Plugins/Runtime/OpenXR/Content/Devices/OculusTouch/Left/left_OculusTouchController.uexp" 810
"../../../Engine/Plugins/Runtime/OpenXR/Content/Devices/OculusTouch/Right/right_OculusTouchController.uasset" 811
"../../../Engine/Plugins/Runtime/OpenXR/Content/Devices/OculusTouch/Right/right_OculusTouchController.uexp" 812
"../../../Engine/Plugins/Runtime/OpenXR/Content/Devices/OculusTouch_v2/MRTexture.uasset" 813
"../../../Engine/Plugins/Runtime/OpenXR/Content/Devices/OculusTouch_v2/MRTexture.uexp" 814
"../../../Engine/Plugins/Runtime/OpenXR/Content/Devices/OculusTouch_v2/MRTexture.ubulk" 815
"../../../Engine/Plugins/Runtime/OpenXR/Content/Devices/OculusTouch_v2/BaseTexture.uasset" 816
"../../../Engine/Plugins/Runtime/OpenXR/Content/Devices/OculusTouch_v2/BaseTexture.uexp" 817
"../../../Engine/Plugins/Runtime/OpenXR/Content/Devices/OculusTouch_v2/BaseTexture.ubulk" 818
"../../../Engine/Plugins/Runtime/OpenXR/Content/Devices/OculusTouch_v2/MI_OculusTouch_v2.uasset" 819
"../../../Engine/Plugins/Runtime/OpenXR/Content/Devices/OculusTouch_v2/MI_OculusTouch_v2.uexp" 820
"../../../Engine/Plugins/Runtime/OpenXR/Content/Devices/OculusTouch_v2/Left/left_OculusTouch_v2Controller.uasset" 821
"../../../Engine/Plugins/Runtime/OpenXR/Content/Devices/OculusTouch_v2/Left/left_OculusTouch_v2Controller.uexp" 822
"../../../Engine/Plugins/Runtime/OpenXR/Content/Devices/OculusTouch_v2/Right/right_OculusTouch_v2Controller.uasset" 823
"../../../Engine/Plugins/Runtime/OpenXR/Content/Devices/OculusTouch_v2/Right/right_OculusTouch_v2Controller.uexp" 824
"../../../Engine/Plugins/Runtime/OpenXR/Content/Devices/OculusTouch_v3/MRTexture.uasset" 825
"../../../Engine/Plugins/Runtime/OpenXR/Content/Devices/OculusTouch_v3/MRTexture.uexp" 826
"../../../Engine/Plugins/Runtime/OpenXR/Content/Devices/OculusTouch_v3/MRTexture.ubulk" 827
"../../../Engine/Plugins/Runtime/OpenXR/Content/Devices/OculusTouch_v3/BaseTexture.uasset" 828
"../../../Engine/Plugins/Runtime/OpenXR/Content/Devices/OculusTouch_v3/BaseTexture.uexp" 829
"../../../Engine/Plugins/Runtime/OpenXR/Content/Devices/OculusTouch_v3/BaseTexture.ubulk" 830
"../../../Engine/Plugins/Runtime/OpenXR/Content/Devices/OculusTouch_v3/MI_OculusTouch_v3.uasset" 831
"../../../Engine/Plugins/Runtime/OpenXR/Content/Devices/OculusTouch_v3/MI_OculusTouch_v3.uexp" 832
"../../../Engine/Plugins/Runtime/OpenXR/Content/Devices/OculusTouch_v3/Left/left_OculusTouch_v3Controller.uasset" 833
"../../../Engine/Plugins/Runtime/OpenXR/Content/Devices/OculusTouch_v3/Left/left_OculusTouch_v3Controller.uexp" 834
"../../../Engine/Plugins/Runtime/OpenXR/Content/Devices/OculusTouch_v3/Right/right_OculusTouch_v3Controller.uasset" 835
"../../../Engine/Plugins/Runtime/OpenXR/Content/Devices/OculusTouch_v3/Right/right_OculusTouch_v3Controller.uexp" 836
"../../../Engine/Plugins/Runtime/OpenXR/Content/Devices/ValveIndex/MRTexture.uasset" 837
"../../../Engine/Plugins/Runtime/OpenXR/Content/Devices/ValveIndex/MRTexture.uexp" 838
"../../../Engine/Plugins/Runtime/OpenXR/Content/Devices/ValveIndex/MRTexture.ubulk" 839
"../../../Engine/Plugins/Runtime/OpenXR/Content/Devices/ValveIndex/BaseTexture.uasset" 840
"../../../Engine/Plugins/Runtime/OpenXR/Content/Devices/ValveIndex/BaseTexture.uexp" 841
"../../../Engine/Plugins/Runtime/OpenXR/Content/Devices/ValveIndex/BaseTexture.ubulk" 842
"../../../Engine/Plugins/Runtime/OpenXR/Content/Devices/ValveIndex/Left/MI_left_ValveIndex.uasset" 843
"../../../Engine/Plugins/Runtime/OpenXR/Content/Devices/ValveIndex/Left/MI_left_ValveIndex.uexp" 844
"../../../Engine/Plugins/Runtime/OpenXR/Content/Devices/ValveIndex/Left/left_ValveIndexController.uasset" 845
"../../../Engine/Plugins/Runtime/OpenXR/Content/Devices/ValveIndex/Left/left_ValveIndexController.uexp" 846
"../../../Engine/Plugins/Runtime/OpenXR/Content/Devices/ValveIndex/Right/MI_right_ValveIndex.uasset" 847
"../../../Engine/Plugins/Runtime/OpenXR/Content/Devices/ValveIndex/Right/MI_right_ValveIndex.uexp" 848
"../../../Engine/Plugins/Runtime/OpenXR/Content/Devices/ValveIndex/Right/right_ValveIndexController.uasset" 849
"../../../Engine/Plugins/Runtime/OpenXR/Content/Devices/ValveIndex/Right/right_ValveIndexController.uexp" 850
"../../../Engine/Content/Functions/Engine_MaterialFunctions02/Utility/BreakOutFloat4Components.uasset" 851
"../../../Engine/Content/Functions/Engine_MaterialFunctions02/Utility/BreakOutFloat4Components.uexp" 852
"../../../Engine/Plugins/Runtime/Oculus/OculusVR/Content/Materials/OculusMR_ChromaKey.uasset" 853
"../../../Engine/Plugins/Runtime/Oculus/OculusVR/Content/Materials/OculusMR_ChromaKey.uexp" 854
"../../../Engine/Plugins/Runtime/Oculus/OculusVR/Content/Materials/OculusMR_OpaqueColoredMaterial.uasset" 855
"../../../Engine/Plugins/Runtime/Oculus/OculusVR/Content/Materials/OculusMR_OpaqueColoredMaterial.uexp" 856
"../../../Engine/Plugins/Runtime/Oculus/OculusVR/Content/Materials/PokeAHoleMaterial.uasset" 857
"../../../Engine/Plugins/Runtime/Oculus/OculusVR/Content/Materials/PokeAHoleMaterial.uexp" 858
"../../../Engine/Plugins/Runtime/Oculus/OculusVR/Content/Textures/touchController_controlmap.uasset" 859
"../../../Engine/Plugins/Runtime/Oculus/OculusVR/Content/Textures/touchController_controlmap.uexp" 860
"../../../Engine/Plugins/Runtime/Oculus/OculusVR/Content/Textures/touchController_controlmap.ubulk" 861
"../../../Engine/Plugins/Runtime/Oculus/OculusVR/Content/Textures/touchController_albedo.uasset" 862
"../../../Engine/Plugins/Runtime/Oculus/OculusVR/Content/Textures/touchController_albedo.uexp" 863
"../../../Engine/Plugins/Runtime/Oculus/OculusVR/Content/Textures/touchController_albedo.ubulk" 864
"../../../Engine/Plugins/Runtime/Oculus/OculusVR/Content/Materials/touchController_mat.uasset" 865
"../../../Engine/Plugins/Runtime/Oculus/OculusVR/Content/Materials/touchController_mat.uexp" 866
"../../../Engine/Plugins/Runtime/Oculus/OculusVR/Content/Meshes/LeftTouchController.uasset" 867
"../../../Engine/Plugins/Runtime/Oculus/OculusVR/Content/Meshes/LeftTouchController.uexp" 868
"../../../Engine/Plugins/Runtime/Oculus/OculusVR/Content/Textures/TouchForQuestRiftSController_albedo.uasset" 869
"../../../Engine/Plugins/Runtime/Oculus/OculusVR/Content/Textures/TouchForQuestRiftSController_albedo.uexp" 870
"../../../Engine/Plugins/Runtime/Oculus/OculusVR/Content/Textures/TouchForQuestRiftSController_albedo.ubulk" 871
"../../../Engine/Plugins/Runtime/Oculus/OculusVR/Content/Materials/TouchForQuestRiftSControllerMaterial.uasset" 872
"../../../Engine/Plugins/Runtime/Oculus/OculusVR/Content/Materials/TouchForQuestRiftSControllerMaterial.uexp" 873
"../../../Engine/Plugins/Runtime/Oculus/OculusVR/Content/Meshes/LeftTouchForQuestRiftSController.uasset" 874
"../../../Engine/Plugins/Runtime/Oculus/OculusVR/Content/Meshes/LeftTouchForQuestRiftSController.uexp" 875
"../../../Engine/Plugins/Runtime/Oculus/OculusVR/Content/Meshes/RiftHMD.uasset" 876
"../../../Engine/Plugins/Runtime/Oculus/OculusVR/Content/Meshes/RiftHMD.uexp" 877
"../../../Engine/Plugins/Runtime/Oculus/OculusVR/Content/Meshes/RightTouchController.uasset" 878
"../../../Engine/Plugins/Runtime/Oculus/OculusVR/Content/Meshes/RightTouchController.uexp" 879
"../../../Engine/Plugins/Runtime/Oculus/OculusVR/Content/Meshes/RightTouchForQuestRiftSController.uasset" 880
"../../../Engine/Plugins/Runtime/Oculus/OculusVR/Content/Meshes/RightTouchForQuestRiftSController.uexp" 881
"../../../Engine/Content/Maps/Entry_BuiltData.uasset" 882
"../../../Engine/Content/Maps/Entry_BuiltData.uexp" 883
"../../../Engine/Content/Maps/Entry.uexp" 884
"../../../Engine/Content/Maps/Entry.umap" 885
"C:/Programm/MyTankDZ/Content/ThirdPerson/Meshes/RampMaterial.uasset" 886
"C:/Programm/MyTankDZ/Content/ThirdPerson/Meshes/RampMaterial.uexp" 887
"C:/Programm/MyTankDZ/Content/ThirdPerson/Meshes/Ramp_StaticMesh.uasset" 888
"C:/Programm/MyTankDZ/Content/ThirdPerson/Meshes/Ramp_StaticMesh.uexp" 889
"C:/Programm/MyTankDZ/Content/ThirdPerson/Meshes/Linear_Stair_StaticMesh.uasset" 890
"C:/Programm/MyTankDZ/Content/ThirdPerson/Meshes/Linear_Stair_StaticMesh.uexp" 891
"C:/Programm/MyTankDZ/Content/CSC/Textures/tile4.uasset" 892
"C:/Programm/MyTankDZ/Content/CSC/Textures/tile4.uexp" 893
"C:/Programm/MyTankDZ/Content/CSC/Textures/tile4.ubulk" 894
"C:/Programm/MyTankDZ/Content/CSC/Textures/tile4_Mat.uasset" 895
"C:/Programm/MyTankDZ/Content/CSC/Textures/tile4_Mat.uexp" 896
"C:/Programm/MyTankDZ/Content/CSC/Textures/tile1.uasset" 897
"C:/Programm/MyTankDZ/Content/CSC/Textures/tile1.uexp" 898
"C:/Programm/MyTankDZ/Content/CSC/Textures/tile1.ubulk" 899
"C:/Programm/MyTankDZ/Content/CSC/Textures/tile1_Mat.uasset" 900
"C:/Programm/MyTankDZ/Content/CSC/Textures/tile1_Mat.uexp" 901
"C:/Programm/MyTankDZ/Content/NewMap1_BuiltData.uasset" 902
"C:/Programm/MyTankDZ/Content/NewMap1_BuiltData.uexp" 903
"C:/Programm/MyTankDZ/Content/NewMap1_BuiltData.ubulk" 904
"C:/Programm/MyTankDZ/Content/CSC/Textures/T_Tower_OcclusionRoughnessMetallic.uasset" 905
"C:/Programm/MyTankDZ/Content/CSC/Textures/T_Tower_OcclusionRoughnessMetallic.uexp" 906
"C:/Programm/MyTankDZ/Content/CSC/Textures/T_Tower_OcclusionRoughnessMetallic.ubulk" 907
"C:/Programm/MyTankDZ/Content/CSC/Textures/T_Tower_Normal.uasset" 908
"C:/Programm/MyTankDZ/Content/CSC/Textures/T_Tower_Normal.uexp" 909
"C:/Programm/MyTankDZ/Content/CSC/Textures/T_Tower_Normal.ubulk" 910
"C:/Programm/MyTankDZ/Content/CSC/Textures/T_Tower_Emissive.uasset" 911
"C:/Programm/MyTankDZ/Content/CSC/Textures/T_Tower_Emissive.uexp" 912
"C:/Programm/MyTankDZ/Content/CSC/Textures/T_Tower_Emissive.ubulk" 913
"C:/Programm/MyTankDZ/Content/CSC/Textures/T_Tower_BaseColor.uasset" 914
"C:/Programm/MyTankDZ/Content/CSC/Textures/T_Tower_BaseColor.uexp" 915
"C:/Programm/MyTankDZ/Content/CSC/Textures/T_Tower_BaseColor.ubulk" 916
"C:/Programm/MyTankDZ/Content/CSC/Materials/M_Tower.uasset" 917
"C:/Programm/MyTankDZ/Content/CSC/Materials/M_Tower.uexp" 918
"C:/Programm/MyTankDZ/Content/CSC/Meshes/SM_CSC_Tower1.uasset" 919
"C:/Programm/MyTankDZ/Content/CSC/Meshes/SM_CSC_Tower1.uexp" 920
"C:/Programm/MyTankDZ/Content/CSC/Textures/T_ACS18_OcclusionRoughnessMetallic.uasset" 921
"C:/Programm/MyTankDZ/Content/CSC/Textures/T_ACS18_OcclusionRoughnessMetallic.uexp" 922
"C:/Programm/MyTankDZ/Content/CSC/Textures/T_ACS18_OcclusionRoughnessMetallic.ubulk" 923
"C:/Programm/MyTankDZ/Content/CSC/Textures/T_ACS18_Normal.uasset" 924
"C:/Programm/MyTankDZ/Content/CSC/Textures/T_ACS18_Normal.uexp" 925
"C:/Programm/MyTankDZ/Content/CSC/Textures/T_ACS18_Normal.ubulk" 926
"C:/Programm/MyTankDZ/Content/CSC/Textures/T_ACS18_Emissive.uasset" 927
"C:/Programm/MyTankDZ/Content/CSC/Textures/T_ACS18_Emissive.uexp" 928
"C:/Programm/MyTankDZ/Content/CSC/Textures/T_ACS18_Emissive.ubulk" 929
"C:/Programm/MyTankDZ/Content/CSC/Textures/T_ACS18_BaseColor.uasset" 930
"C:/Programm/MyTankDZ/Content/CSC/Textures/T_ACS18_BaseColor.uexp" 931
"C:/Programm/MyTankDZ/Content/CSC/Textures/T_ACS18_BaseColor.ubulk" 932
"C:/Programm/MyTankDZ/Content/CSC/Materials/M_ACS18.uasset" 933
"C:/Programm/MyTankDZ/Content/CSC/Materials/M_ACS18.uexp" 934
"C:/Programm/MyTankDZ/Content/CSC/Meshes/SM_CSC_Gun1.uasset" 935
"C:/Programm/MyTankDZ/Content/CSC/Meshes/SM_CSC_Gun1.uexp" 936
"C:/Programm/MyTankDZ/Content/CSC/Demo/Sounds/bum_sm_3.uasset" 937
"C:/Programm/MyTankDZ/Content/CSC/Demo/Sounds/bum_sm_3.uexp" 938
"C:/Programm/MyTankDZ/Content/CSC/Demo/Particles/Texrures/T_Smoke_Tiled_D.uasset" 939
"C:/Programm/MyTankDZ/Content/CSC/Demo/Particles/Texrures/T_Smoke_Tiled_D.uexp" 940
"C:/Programm/MyTankDZ/Content/CSC/Demo/Particles/Texrures/T_Smoke_Tiled_D.ubulk" 941
"C:/Programm/MyTankDZ/Content/CSC/Demo/Particles/Texrures/T_Smoke_SubUV.uasset" 942
"C:/Programm/MyTankDZ/Content/CSC/Demo/Particles/Texrures/T_Smoke_SubUV.uexp" 943
"C:/Programm/MyTankDZ/Content/CSC/Demo/Particles/Texrures/T_Smoke_SubUV.ubulk" 944
"C:/Programm/MyTankDZ/Content/CSC/Demo/Particles/Materials/M_smoke_subUV.uasset" 945
"C:/Programm/MyTankDZ/Content/CSC/Demo/Particles/Materials/M_smoke_subUV.uexp" 946
"../../../Engine/Content/Functions/Engine_MaterialFunctions01/Gradient/RadialGradient.uasset" 947
"../../../Engine/Content/Functions/Engine_MaterialFunctions01/Gradient/RadialGradient.uexp" 948
"C:/Programm/MyTankDZ/Content/CSC/Demo/Particles/Materials/M_radial_ramp.uasset" 949
"C:/Programm/MyTankDZ/Content/CSC/Demo/Particles/Materials/M_radial_ramp.uexp" 950
"C:/Programm/MyTankDZ/Content/CSC/Demo/Particles/Materials/m_flare_01.uasset" 951
"C:/Programm/MyTankDZ/Content/CSC/Demo/Particles/Materials/m_flare_01.uexp" 952
"C:/Programm/MyTankDZ/Content/CSC/Demo/Particles/Texrures/T_Explosion_SubUV.uasset" 953
"C:/Programm/MyTankDZ/Content/CSC/Demo/Particles/Texrures/T_Explosion_SubUV.uexp" 954
"C:/Programm/MyTankDZ/Content/CSC/Demo/Particles/Texrures/T_Explosion_SubUV.ubulk" 955
"C:/Programm/MyTankDZ/Content/CSC/Demo/Particles/Materials/M_explosion_subUV.uasset" 956
"C:/Programm/MyTankDZ/Content/CSC/Demo/Particles/Materials/M_explosion_subUV.uexp" 957
"C:/Programm/MyTankDZ/Content/CSC/Demo/Particles/Texrures/T_Burst_M.uasset" 958
"C:/Programm/MyTankDZ/Content/CSC/Demo/Particles/Texrures/T_Burst_M.uexp" 959
"C:/Programm/MyTankDZ/Content/CSC/Demo/Particles/Texrures/T_Burst_M.ubulk" 960
"C:/Programm/MyTankDZ/Content/CSC/Demo/Particles/Materials/M_Burst.uasset" 961
"C:/Programm/MyTankDZ/Content/CSC/Demo/Particles/Materials/M_Burst.uexp" 962
"C:/Programm/MyTankDZ/Content/CSC/Demo/Particles/P_Explosion.uasset" 963
"C:/Programm/MyTankDZ/Content/CSC/Demo/Particles/P_Explosion.uexp" 964
"C:/Programm/MyTankDZ/Content/BP_ShootForceFeedback.uasset" 965
"C:/Programm/MyTankDZ/Content/BP_ShootForceFeedback.uexp" 966
"../../../Engine/Content/EngineMaterials/WaterMaterial.uasset" 967
"../../../Engine/Content/EngineMaterials/WaterMaterial.uexp" 968
"../../../Engine/Content/BasicShapes/Sphere.uasset" 969
"../../../Engine/Content/BasicShapes/Sphere.uexp" 970
"C:/Programm/MyTankDZ/Content/BP_Default_Projectile.uasset" 971
"C:/Programm/MyTankDZ/Content/BP_Default_Projectile.uexp" 972
"C:/Programm/MyTankDZ/Content/BP_CAmeraShake.uasset" 973
"C:/Programm/MyTankDZ/Content/BP_CAmeraShake.uexp" 974
"../../../Engine/Content/Functions/Engine_MaterialFunctions02/ExampleContent/Textures/water_n.uasset" 975
"../../../Engine/Content/Functions/Engine_MaterialFunctions02/ExampleContent/Textures/water_n.uexp" 976
"../../../Engine/Content/Functions/Engine_MaterialFunctions02/ExampleContent/Textures/water_n.ubulk" 977
"../../../Engine/Content/Functions/Engine_MaterialFunctions02/ExampleContent/Textures/water_d.uasset" 978
"../../../Engine/Content/Functions/Engine_MaterialFunctions02/ExampleContent/Textures/water_d.uexp" 979
"../../../Engine/Content/Functions/Engine_MaterialFunctions02/ExampleContent/Textures/water_d.ubulk" 980
"../../../Engine/Content/Functions/Engine_MaterialFunctions02/ExampleContent/Textures/SwirlMap.uasset" 981
"../../../Engine/Content/Functions/Engine_MaterialFunctions02/ExampleContent/Textures/SwirlMap.uexp" 982
"../../../Engine/Content/Functions/Engine_MaterialFunctions02/ExampleContent/Textures/LowResBlurredNoise.uasset" 983
"../../../Engine/Content/Functions/Engine_MaterialFunctions02/ExampleContent/Textures/LowResBlurredNoise.uexp" 984
"../../../Engine/Content/Functions/Engine_MaterialFunctions02/Math/AddComponents.uasset" 985
"../../../Engine/Content/Functions/Engine_MaterialFunctions02/Math/AddComponents.uexp" 986
"../../../Engine/Content/Functions/Engine_MaterialFunctions02/Math/MakeVectorsOrthogonal.uasset" 987
"../../../Engine/Content/Functions/Engine_MaterialFunctions02/Math/MakeVectorsOrthogonal.uexp" 988
"../../../Engine/Content/Functions/Engine_MaterialFunctions02/Utility/BlendAngleCorrectedNormals.uasset" 989
"../../../Engine/Content/Functions/Engine_MaterialFunctions02/Utility/BlendAngleCorrectedNormals.uexp" 990
"../../../Engine/Content/EngineMaterials/DefaultNormal.uasset" 991
"../../../Engine/Content/EngineMaterials/DefaultNormal.uexp" 992
"../../../Engine/Content/EngineMaterials/DefaultNormal.ubulk" 993
"../../../Engine/Content/Functions/Engine_MaterialFunctions02/Utility/LinearSine.uasset" 994
"../../../Engine/Content/Functions/Engine_MaterialFunctions02/Utility/LinearSine.uexp" 995
"../../../Engine/Content/Functions/Engine_MaterialFunctions02/Math/Transform3x3Matrix.uasset" 996
"../../../Engine/Content/Functions/Engine_MaterialFunctions02/Math/Transform3x3Matrix.uexp" 997
"../../../Engine/Content/Functions/Engine_MaterialFunctions02/Math/TimeWithSpeedVariable.uasset" 998
"../../../Engine/Content/Functions/Engine_MaterialFunctions02/Math/TimeWithSpeedVariable.uexp" 999
"../../../Engine/Content/Functions/Engine_MaterialFunctions02/Texturing/Flowmaps.uasset" 1000
"../../../Engine/Content/Functions/Engine_MaterialFunctions02/Texturing/Flowmaps.uexp" 1001
"../../../Engine/Content/Functions/Engine_MaterialFunctions02/ExampleContent/FlowMaps.uasset" 1002
"../../../Engine/Content/Functions/Engine_MaterialFunctions02/ExampleContent/FlowMaps.uexp" 1003
"C:/Programm/MyTankDZ/Content/BP_DefaultCannon.uasset" 1004
"C:/Programm/MyTankDZ/Content/BP_DefaultCannon.uexp" 1005
"C:/Programm/MyTankDZ/Content/BP_Turret.uasset" 1006
"C:/Programm/MyTankDZ/Content/BP_Turret.uexp" 1007
"../../../Engine/Content/EngineMeshes/Cube.uasset" 1008
"../../../Engine/Content/EngineMeshes/Cube.uexp" 1009
"../../../Engine/Content/EditorLandscapeResources/LandscapeGizmoHeight_Mat.uasset" 1010
"../../../Engine/Content/EditorLandscapeResources/LandscapeGizmoHeight_Mat.uexp" 1011
"C:/Programm/MyTankDZ/Content/BP_TraceCannonBox.uasset" 1012
"C:/Programm/MyTankDZ/Content/BP_TraceCannonBox.uexp" 1013
"C:/Programm/MyTankDZ/Content/CSC/Textures/T_LGT_Tracks_OcclusionRoughnessMetallic.uasset" 1014
"C:/Programm/MyTankDZ/Content/CSC/Textures/T_LGT_Tracks_OcclusionRoughnessMetallic.uexp" 1015
"C:/Programm/MyTankDZ/Content/CSC/Textures/T_LGT_Tracks_OcclusionRoughnessMetallic.ubulk" 1016
"C:/Programm/MyTankDZ/Content/CSC/Textures/T_LGT_Tracks_Normal.uasset" 1017
"C:/Programm/MyTankDZ/Content/CSC/Textures/T_LGT_Tracks_Normal.uexp" 1018
"C:/Programm/MyTankDZ/Content/CSC/Textures/T_LGT_Tracks_Normal.ubulk" 1019
"C:/Programm/MyTankDZ/Content/CSC/Textures/T_LGT_Tracks_BaseColor.uasset" 1020
"C:/Programm/MyTankDZ/Content/CSC/Textures/T_LGT_Tracks_BaseColor.uexp" 1021
"C:/Programm/MyTankDZ/Content/CSC/Textures/T_LGT_Tracks_BaseColor.ubulk" 1022
"C:/Programm/MyTankDZ/Content/CSC/Materials/M_LGT_Tracks.uasset" 1023
"C:/Programm/MyTankDZ/Content/CSC/Materials/M_LGT_Tracks.uexp" 1024
"C:/Programm/MyTankDZ/Content/TankFactoryMesh.uasset" 1025
"C:/Programm/MyTankDZ/Content/TankFactoryMesh.uexp" 1026
"C:/Programm/MyTankDZ/Content/CSC/Textures/T_Tank_OcclusionRoughnessMetallic.uasset" 1027
"C:/Programm/MyTankDZ/Content/CSC/Textures/T_Tank_OcclusionRoughnessMetallic.uexp" 1028
"C:/Programm/MyTankDZ/Content/CSC/Textures/T_Tank_OcclusionRoughnessMetallic.ubulk" 1029
"C:/Programm/MyTankDZ/Content/CSC/Textures/T_Tank_Normal.uasset" 1030
"C:/Programm/MyTankDZ/Content/CSC/Textures/T_Tank_Normal.uexp" 1031
"C:/Programm/MyTankDZ/Content/CSC/Textures/T_Tank_Normal.ubulk" 1032
"C:/Programm/MyTankDZ/Content/CSC/Textures/T_Tank_Emissive.uasset" 1033
"C:/Programm/MyTankDZ/Content/CSC/Textures/T_Tank_Emissive.uexp" 1034
"C:/Programm/MyTankDZ/Content/CSC/Textures/T_Tank_Emissive.ubulk" 1035
"C:/Programm/MyTankDZ/Content/CSC/Textures/T_Tank_BaseColor.uasset" 1036
"C:/Programm/MyTankDZ/Content/CSC/Textures/T_Tank_BaseColor.uexp" 1037
"C:/Programm/MyTankDZ/Content/CSC/Textures/T_Tank_BaseColor.ubulk" 1038
"C:/Programm/MyTankDZ/Content/CSC/Materials/M_Tank.uasset" 1039
"C:/Programm/MyTankDZ/Content/CSC/Materials/M_Tank.uexp" 1040
"C:/Programm/MyTankDZ/Content/CSC/Meshes/SM_TANK_Base1.uasset" 1041
"C:/Programm/MyTankDZ/Content/CSC/Meshes/SM_TANK_Base1.uexp" 1042
"C:/Programm/MyTankDZ/Content/CSC/Meshes/SM_CSC_Gun6.uasset" 1043
"C:/Programm/MyTankDZ/Content/CSC/Meshes/SM_CSC_Gun6.uexp" 1044
"C:/Programm/MyTankDZ/Content/CSC/Demo/Sounds/fire_0.uasset" 1045
"C:/Programm/MyTankDZ/Content/CSC/Demo/Sounds/fire_0.uexp" 1046
"C:/Programm/MyTankDZ/Content/Sounds/Weapons/AssultRifle/wav/sw_Wep_AR_Shoot_3D_LP_End_02.uasset" 1047
"C:/Programm/MyTankDZ/Content/Sounds/Weapons/AssultRifle/wav/sw_Wep_AR_Shoot_3D_LP_End_02.uexp" 1048
"C:/Programm/MyTankDZ/Content/Effects/Textures/Spark/T_SparkCore_2X2.uasset" 1049
"C:/Programm/MyTankDZ/Content/Effects/Textures/Spark/T_SparkCore_2X2.uexp" 1050
"C:/Programm/MyTankDZ/Content/Effects/Textures/Spark/T_SparkCore_2X2.ubulk" 1051
"C:/Programm/MyTankDZ/Content/Effects/Materials/spark/M_spark_subUV.uasset" 1052
"C:/Programm/MyTankDZ/Content/Effects/Materials/spark/M_spark_subUV.uexp" 1053
"C:/Programm/MyTankDZ/Content/Effects/Textures/Water/T_Steam_02_Packed.uasset" 1054
"C:/Programm/MyTankDZ/Content/Effects/Textures/Water/T_Steam_02_Packed.uexp" 1055
"C:/Programm/MyTankDZ/Content/Effects/Textures/Water/T_Steam_02_Packed.ubulk" 1056
"C:/Programm/MyTankDZ/Content/Effects/Materials/Smoke/M_MuzzleSmokeDetail_GPU.uasset" 1057
"C:/Programm/MyTankDZ/Content/Effects/Materials/Smoke/M_MuzzleSmokeDetail_GPU.uexp" 1058
"C:/Programm/MyTankDZ/Content/Effects/Textures/Smoke/T_SmokeBall_01_8_8.uasset" 1059
"C:/Programm/MyTankDZ/Content/Effects/Textures/Smoke/T_SmokeBall_01_8_8.uexp" 1060
"C:/Programm/MyTankDZ/Content/Effects/Textures/Smoke/T_SmokeBall_01_8_8.ubulk" 1061
"C:/Programm/MyTankDZ/Content/Effects/Textures/Smoke/T_Clouds_01.uasset" 1062
"C:/Programm/MyTankDZ/Content/Effects/Textures/Smoke/T_Clouds_01.uexp" 1063
"C:/Programm/MyTankDZ/Content/Effects/Textures/Smoke/T_Clouds_01.ubulk" 1064
"C:/Programm/MyTankDZ/Content/Effects/Materials/Smoke/M_ImpactSmoke.uasset" 1065
"C:/Programm/MyTankDZ/Content/Effects/Materials/Smoke/M_ImpactSmoke.uexp" 1066
"C:/Programm/MyTankDZ/Content/Effects/Materials/Ramp/M_radial_ramp_soft.uasset" 1067
"C:/Programm/MyTankDZ/Content/Effects/Materials/Ramp/M_radial_ramp_soft.uexp" 1068
"C:/Programm/MyTankDZ/Content/Effects/Textures/LensFlare/Flare_02.uasset" 1069
"C:/Programm/MyTankDZ/Content/Effects/Textures/LensFlare/Flare_02.uexp" 1070
"C:/Programm/MyTankDZ/Content/Effects/Textures/LensFlare/Flare_02.ubulk" 1071
"C:/Programm/MyTankDZ/Content/Effects/Materials/LensFlare/M_LensFlare_02.uasset" 1072
"C:/Programm/MyTankDZ/Content/Effects/Materials/LensFlare/M_LensFlare_02.uexp" 1073
"C:/Programm/MyTankDZ/Content/Effects/ParticleSystems/Weapons/AssaultRifle/Impacts/P_AssaultRifle_IH.uasset" 1074
"C:/Programm/MyTankDZ/Content/Effects/ParticleSystems/Weapons/AssaultRifle/Impacts/P_AssaultRifle_IH.uexp" 1075
"../../../Engine/Content/EditorMeshes/Camera/SM_CraneRig_Mount.uasset" 1076
"../../../Engine/Content/EditorMeshes/Camera/SM_CraneRig_Mount.uexp" 1077
"C:/Programm/MyTankDZ/Content/BP_Grenade.uasset" 1078
"C:/Programm/MyTankDZ/Content/BP_Grenade.uexp" 1079
"../../../Engine/Content/EditorMaterials/HelpFlatColour.uasset" 1080
"../../../Engine/Content/EditorMaterials/HelpFlatColour.uexp" 1081
"../../../Engine/Content/EditorMaterials/HelpFlatColour_Blk_Inst.uasset" 1082
"../../../Engine/Content/EditorMaterials/HelpFlatColour_Blk_Inst.uexp" 1083
"C:/Programm/MyTankDZ/Content/BP_MyGrenadeLauncher.uasset" 1084
"C:/Programm/MyTankDZ/Content/BP_MyGrenadeLauncher.uexp" 1085
"C:/Programm/MyTankDZ/Content/BP_EnemyTankAIController.uasset" 1086
"C:/Programm/MyTankDZ/Content/BP_EnemyTankAIController.uexp" 1087
"C:/Programm/MyTankDZ/Content/BP_EnemyTank.uasset" 1088
"C:/Programm/MyTankDZ/Content/BP_EnemyTank.uexp" 1089
"C:/Programm/MyTankDZ/Content/BP_TankFactory.uasset" 1090
"C:/Programm/MyTankDZ/Content/BP_TankFactory.uexp" 1091
"../../../Engine/Content/Functions/Engine_MaterialFunctions02/ExampleContent/Greyscale.uasset" 1092
"../../../Engine/Content/Functions/Engine_MaterialFunctions02/ExampleContent/Greyscale.uexp" 1093
"../../../Engine/Content/Functions/Engine_MaterialFunctions02/ExampleContent/Greyscale.ubulk" 1094
"../../../Engine/Content/Functions/Engine_MaterialFunctions02/ExampleContent/Gradient.uasset" 1095
"../../../Engine/Content/Functions/Engine_MaterialFunctions02/ExampleContent/Gradient.uexp" 1096
"../../../Engine/Content/Functions/Engine_MaterialFunctions02/ExampleContent/Gradient.ubulk" 1097
"../../../Engine/Content/Functions/Engine_MaterialFunctions02/Gradients/GradientMap_Multi.uasset" 1098
"../../../Engine/Content/Functions/Engine_MaterialFunctions02/Gradients/GradientMap_Multi.uexp" 1099
"../../../Engine/Content/Functions/Engine_MaterialFunctions02/ExampleContent/GradientMap_Multi_Example.uasset" 1100
"../../../Engine/Content/Functions/Engine_MaterialFunctions02/ExampleContent/GradientMap_Multi_Example.uexp" 1101
"C:/Programm/MyTankDZ/Content/BP_ProjectileCannonBox_2.uasset" 1102
"C:/Programm/MyTankDZ/Content/BP_ProjectileCannonBox_2.uexp" 1103
"../../../Engine/Content/BasicShapes/BasicShapeMaterial.uasset" 1104
"../../../Engine/Content/BasicShapes/BasicShapeMaterial.uexp" 1105
"C:/Programm/MyTankDZ/Content/BP_PatrollingPoint.uasset" 1106
"C:/Programm/MyTankDZ/Content/BP_PatrollingPoint.uexp" 1107
"C:/Programm/MyTankDZ/Content/Sounds/Weapons/AssultRifle/wav/sw_Wep_AR_Shoot_3D_LP_Dist_End_01.uasset" 1108
"C:/Programm/MyTankDZ/Content/Sounds/Weapons/AssultRifle/wav/sw_Wep_AR_Shoot_3D_LP_Dist_End_01.uexp" 1109
"C:/Programm/MyTankDZ/Content/Effects/Textures/T_blood_various_N.uasset" 1110
"C:/Programm/MyTankDZ/Content/Effects/Textures/T_blood_various_N.uexp" 1111
"C:/Programm/MyTankDZ/Content/Effects/Textures/T_blood_various_N.ubulk" 1112
"C:/Programm/MyTankDZ/Content/Effects/Textures/T_blood_various.uasset" 1113
"C:/Programm/MyTankDZ/Content/Effects/Textures/T_blood_various.uexp" 1114
"C:/Programm/MyTankDZ/Content/Effects/Textures/T_blood_various.ubulk" 1115
"C:/Programm/MyTankDZ/Content/Effects/Materials/Gameplay/M_impact_splash_subUV.uasset" 1116
"C:/Programm/MyTankDZ/Content/Effects/Materials/Gameplay/M_impact_splash_subUV.uexp" 1117
"C:/Programm/MyTankDZ/Content/Effects/ParticleSystems/Gameplay/Player/P_body_bullet_impact.uasset" 1118
"C:/Programm/MyTankDZ/Content/Effects/ParticleSystems/Gameplay/Player/P_body_bullet_impact.uexp" 1119
"C:/Programm/MyTankDZ/Content/Effects/Textures/Weapon/T_Coil.uasset" 1120
"C:/Programm/MyTankDZ/Content/Effects/Textures/Weapon/T_Coil.uexp" 1121
"C:/Programm/MyTankDZ/Content/Effects/Textures/Weapon/T_Coil.ubulk" 1122
"C:/Programm/MyTankDZ/Content/Effects/Textures/Noise/T_FX_RoilingFlameModulate.uasset" 1123
"C:/Programm/MyTankDZ/Content/Effects/Textures/Noise/T_FX_RoilingFlameModulate.uexp" 1124
"C:/Programm/MyTankDZ/Content/Effects/Textures/Noise/T_FX_RoilingFlameModulate.ubulk" 1125
"C:/Programm/MyTankDZ/Content/Effects/Materials/Weapon/M_WP_LinkGun_MF_3_new.uasset" 1126
"C:/Programm/MyTankDZ/Content/Effects/Materials/Weapon/M_WP_LinkGun_MF_3_new.uexp" 1127
"C:/Programm/MyTankDZ/Content/Effects/Textures/LensFlare/T_Lensflare_01.uasset" 1128
"C:/Programm/MyTankDZ/Content/Effects/Textures/LensFlare/T_Lensflare_01.uexp" 1129
"C:/Programm/MyTankDZ/Content/Effects/Textures/LensFlare/T_Lensflare_01.ubulk" 1130
"C:/Programm/MyTankDZ/Content/Effects/Materials/LensFlare/M_Lensflare_01.uasset" 1131
"C:/Programm/MyTankDZ/Content/Effects/Materials/LensFlare/M_Lensflare_01.uexp" 1132
"C:/Programm/MyTankDZ/Content/Effects/ParticleSystems/Weapons/RocketLauncher/Muzzle/P_Launcher_MF.uasset" 1133
"C:/Programm/MyTankDZ/Content/Effects/ParticleSystems/Weapons/RocketLauncher/Muzzle/P_Launcher_MF.uexp" 1134
"C:/Programm/MyTankDZ/Content/CSC/Demo/Sounds/LaserShot.uasset" 1135
"C:/Programm/MyTankDZ/Content/CSC/Demo/Sounds/LaserShot.uexp" 1136
"../../../Engine/Content/Functions/Engine_MaterialFunctions02/Texturing/CustomRotator.uasset" 1137
"../../../Engine/Content/Functions/Engine_MaterialFunctions02/Texturing/CustomRotator.uexp" 1138
"../../../Engine/Plugins/Enterprise/DatasmithContent/Content/Materials/FBXImporter/DeltaGenUVEdit.uasset" 1139
"../../../Engine/Plugins/Enterprise/DatasmithContent/Content/Materials/FBXImporter/DeltaGenUVEdit.uexp" 1140
"../../../Engine/Content/Functions/Engine_MaterialFunctions01/Texturing/FlattenNormal.uasset" 1141
"../../../Engine/Content/Functions/Engine_MaterialFunctions01/Texturing/FlattenNormal.uexp" 1142
"../../../Engine/Plugins/Enterprise/DatasmithContent/Content/Materials/FBXImporter/DeltaGenBase.uasset" 1143
"../../../Engine/Plugins/Enterprise/DatasmithContent/Content/Materials/FBXImporter/DeltaGenBase.uexp" 1144
"../../../Engine/Content/Functions/Engine_MaterialFunctions01/Gradient/LinearGradient.uasset" 1145
"../../../Engine/Content/Functions/Engine_MaterialFunctions01/Gradient/LinearGradient.uexp" 1146
"../../../Engine/Content/Functions/Engine_MaterialFunctions01/ImageAdjustment/CheapContrast.uasset" 1147
"../../../Engine/Content/Functions/Engine_MaterialFunctions01/ImageAdjustment/CheapContrast.uexp" 1148
"../../../Engine/Content/Functions/Engine_MaterialFunctions02/Texturing/HeightLerpWithTwoHeightMaps.uasset" 1149
"../../../Engine/Content/Functions/Engine_MaterialFunctions02/Texturing/HeightLerpWithTwoHeightMaps.uexp" 1150
"../../../Engine/Content/Functions/Engine_MaterialFunctions02/Math/CreateThirdOrthogonalVector.uasset" 1151
"../../../Engine/Content/Functions/Engine_MaterialFunctions02/Math/CreateThirdOrthogonalVector.uexp" 1152
"../../../Engine/Content/Functions/Engine_MaterialFunctions02/WorldAlignedNormals_HighQuality.uasset" 1153
"../../../Engine/Content/Functions/Engine_MaterialFunctions02/WorldAlignedNormals_HighQuality.uexp" 1154
"../../../Engine/Content/EngineMaterials/DefaultNormal_Uncompressed.uasset" 1155
"../../../Engine/Content/EngineMaterials/DefaultNormal_Uncompressed.uexp" 1156
"../../../Engine/Content/EngineMaterials/DefaultNormal_Uncompressed.ubulk" 1157
"../../../Engine/Content/Functions/Engine_MaterialFunctions02/Texturing/WorldAlignedTextures_Complex.uasset" 1158
"../../../Engine/Content/Functions/Engine_MaterialFunctions02/Texturing/WorldAlignedTextures_Complex.uexp" 1159
"../../../Engine/Content/EngineResources/DefaultTexture.uasset" 1160
"../../../Engine/Content/EngineResources/DefaultTexture.uexp" 1161
"../../../Engine/Content/EngineResources/DefaultTexture.ubulk" 1162
"../../../Engine/Plugins/Enterprise/DatasmithContent/Content/Materials/FBXImporter/DeltaGenMasterClearCoat.uasset" 1163
"../../../Engine/Plugins/Enterprise/DatasmithContent/Content/Materials/FBXImporter/DeltaGenMasterClearCoat.uexp" 1164
"C:/Programm/MyTankDZ/Content/BP_TraceCannon.uasset" 1165
"C:/Programm/MyTankDZ/Content/BP_TraceCannon.uexp" 1166
"C:/Programm/MyTankDZ/Content/BP_MyTank.uasset" 1167
"C:/Programm/MyTankDZ/Content/BP_MyTank.uexp" 1168
"C:/Programm/MyTankDZ/Content/BP_MyPlayerController.uasset" 1169
"C:/Programm/MyTankDZ/Content/BP_MyPlayerController.uexp" 1170
"C:/Programm/MyTankDZ/Content/BP_MyTankDZGameModeBase.uasset" 1171
"C:/Programm/MyTankDZ/Content/BP_MyTankDZGameModeBase.uexp" 1172
"../../../Engine/Content/MapTemplates/SM_Template_Map_Floor.uasset" 1173
"../../../Engine/Content/MapTemplates/SM_Template_Map_Floor.uexp" 1174
"../../../Engine/Content/EngineSky/T_Sky_Stars.uasset" 1175
"../../../Engine/Content/EngineSky/T_Sky_Stars.uexp" 1176
"../../../Engine/Content/EngineSky/T_Sky_Stars.ubulk" 1177
"../../../Engine/Content/EngineSky/T_Sky_Clouds_M.uasset" 1178
"../../../Engine/Content/EngineSky/T_Sky_Clouds_M.uexp" 1179
"../../../Engine/Content/EngineSky/T_Sky_Clouds_M.ubulk" 1180
"../../../Engine/Content/EngineSky/T_Sky_Blue.uasset" 1181
"../../../Engine/Content/EngineSky/T_Sky_Blue.uexp" 1182
"../../../Engine/Content/EngineSky/T_Sky_Blue.ubulk" 1183
"../../../Engine/Content/EngineSky/M_Sky_Panning_Clouds2.uasset" 1184
"../../../Engine/Content/EngineSky/M_Sky_Panning_Clouds2.uexp" 1185
"../../../Engine/Content/EngineSky/SM_SkySphere.uasset" 1186
"../../../Engine/Content/EngineSky/SM_SkySphere.uexp" 1187
"../../../Engine/Content/EngineSky/C_Sky_Zenith_Color.uasset" 1188
"../../../Engine/Content/EngineSky/C_Sky_Zenith_Color.uexp" 1189
"../../../Engine/Content/EngineSky/C_Sky_Horizon_Color.uasset" 1190
"../../../Engine/Content/EngineSky/C_Sky_Horizon_Color.uexp" 1191
"../../../Engine/Content/EngineSky/C_Sky_Cloud_Color.uasset" 1192
"../../../Engine/Content/EngineSky/C_Sky_Cloud_Color.uexp" 1193
"../../../Engine/Content/EngineSky/BP_Sky_Sphere.uasset" 1194
"../../../Engine/Content/EngineSky/BP_Sky_Sphere.uexp" 1195
"../../../Engine/Content/BasicShapes/Cube.uasset" 1196
"../../../Engine/Content/BasicShapes/Cube.uexp" 1197
"../../../Engine/Content/BasicShapes/Cone.uasset" 1198
"../../../Engine/Content/BasicShapes/Cone.uexp" 1199
"C:/Programm/MyTankDZ/Content/NewMap1.uexp" 1200
"C:/Programm/MyTankDZ/Content/NewMap1.umap" 1201
